<?xml version="1.0" encoding="UTF-8"?>
<testsuites name="Regress 1" time="1557.569" tests="13" failures="3" errors="0">
   <testsuite name="Regress 1" tests="13" failures="3" errors="0" time="1557.569" skipped="0" timestamp="2022-06-16 09:44:22" hostname="a00139272 - localhost" id="Test Suites/Regress 1">
      <properties>
[...]
</properties>
      <testcase name="Test Cases/Login Onboard/onboard_onboardIntoMAE" time="170.856" classname="Test Cases/Login Onboard/onboard_onboardIntoMAE" status="PASSED">
         <system-out><![CDATA[2022-06-16 09:44:22 - [TEST_CASE][PASSED] - Test Cases/Login Onboard/onboard_onboardIntoMAE: Test Cases/Login Onboard/onboard_onboardIntoMAE

2022-06-16 09:44:23 - [TEST_STEP][PASSED] - setMobileDriverPreferencesProperty("appPackage", "com.maybank2u.life.uat"): null

2022-06-16 09:44:23 - [TEST_STEP][PASSED] - setMobileDriverPreferencesProperty("appActivity", "com.maybank2u.life.MainActivity"): null

2022-06-16 09:44:23 - [TEST_STEP][PASSED] - startApplication(appPath, false): Started app at: '/Users/a00139272/Katalon Studio/MAE/androidapp/app-dev-universal-release (1).apk'

2022-06-16 09:44:23 - [MESSAGE][INFO] - User set preference: ['appWaitActivity', '*']

2022-06-16 09:44:23 - [MESSAGE][INFO] - User set preference: ['deviceId', '002b9cc60508']

2022-06-16 09:44:23 - [MESSAGE][INFO] - User set preference: ['appPackage', 'com.maybank2u.life.uat']

2022-06-16 09:44:23 - [MESSAGE][INFO] - User set preference: ['appActivity', 'com.maybank2u.life.MainActivity']

2022-06-16 09:44:23 - [MESSAGE][INFO] - Detected NodeJS location: "/usr/local/Cellar/node/17.0.1/bin/node"

2022-06-16 09:44:24 - [MESSAGE][INFO] - Appium server started on port 57,509

2022-06-16 09:44:38 - [MESSAGE][PASSED] - Started app at: '/Users/a00139272/Katalon Studio/MAE/androidapp/app-dev-universal-release (1).apk'

2022-06-16 09:44:38 - [TEST_STEP][PASSED] - if (verifyElementVisible(findTestObject("Login Onboarding/onboardWelcomeSkipBtn"), 0, OPTIONAL)): null

2022-06-16 09:44:38 - [MESSAGE][WARNING] - Timeout '0' is invalid. Using default page load timeout: '40'

2022-06-16 09:44:40 - [MESSAGE][PASSED] - Element 'Object Repository/Login Onboarding/onboardWelcomeSkipBtn' is visible

2022-06-16 09:44:40 - [TEST_STEP][PASSED] - waitForElementPresent(findTestObject("Login Onboarding/onboardWelcomeSkipBtn"), 3000): Element 'Object Repository/Login Onboarding/onboardWelcomeSkipBtn' is present

2022-06-16 09:44:40 - [MESSAGE][PASSED] - Element 'Object Repository/Login Onboarding/onboardWelcomeSkipBtn' is present

2022-06-16 09:44:40 - [TEST_STEP][PASSED] - tap(findTestObject("Login Onboarding/onboardWelcomeSkipBtn"), 0): Tapped on element 'Object Repository/Login Onboarding/onboardWelcomeSkipBtn'

2022-06-16 09:44:40 - [MESSAGE][WARNING] - Timeout '0' is invalid. Using default page load timeout: '40'

2022-06-16 09:44:41 - [MESSAGE][PASSED] - Tapped on element 'Object Repository/Login Onboarding/onboardWelcomeSkipBtn'

2022-06-16 09:44:41 - [TEST_STEP][PASSED] - tap(findTestObject("Login Onboarding/onboardTNCAgreeBtn"), 0): Tapped on element 'Object Repository/Login Onboarding/onboardTNCAgreeBtn'

2022-06-16 09:44:41 - [MESSAGE][WARNING] - Timeout '0' is invalid. Using default page load timeout: '40'

2022-06-16 09:44:42 - [MESSAGE][PASSED] - Tapped on element 'Object Repository/Login Onboarding/onboardTNCAgreeBtn'

2022-06-16 09:44:42 - [TEST_STEP][PASSED] - tap(findTestObject("Dashboard/dashboardSetUpWalletIcon"), 0): Tapped on element 'Object Repository/Dashboard/dashboardSetUpWalletIcon'

2022-06-16 09:44:42 - [MESSAGE][WARNING] - Timeout '0' is invalid. Using default page load timeout: '40'

2022-06-16 09:44:45 - [MESSAGE][PASSED] - Tapped on element 'Object Repository/Dashboard/dashboardSetUpWalletIcon'

2022-06-16 09:44:45 - [TEST_STEP][PASSED] - tap(findTestObject("Login Onboarding/getStartedExistingUserBtn"), 0): Tapped on element 'Object Repository/Login Onboarding/getStartedExistingUserBtn'

2022-06-16 09:44:45 - [MESSAGE][WARNING] - Timeout '0' is invalid. Using default page load timeout: '40'

2022-06-16 09:44:47 - [MESSAGE][PASSED] - Tapped on element 'Object Repository/Login Onboarding/getStartedExistingUserBtn'

2022-06-16 09:44:47 - [TEST_STEP][PASSED] - setText(findTestObject("Login Onboarding/loginExistingUsernameInputField"), Username, 0): Text 'kachu89' has been set to element 'Object Repository/Login Onboarding/loginExistingUsernameInputField'

2022-06-16 09:44:47 - [MESSAGE][WARNING] - Timeout '0' is invalid. Using default page load timeout: '40'

2022-06-16 09:44:49 - [MESSAGE][PASSED] - Text 'kachu89' has been set to element 'Object Repository/Login Onboarding/loginExistingUsernameInputField'

2022-06-16 09:44:49 - [TEST_STEP][PASSED] - hideKeyboard(): Keyboard is hidden

2022-06-16 09:44:51 - [MESSAGE][PASSED] - Keyboard is hidden

2022-06-16 09:44:51 - [TEST_STEP][PASSED] - tap(findTestObject("Login Onboarding/loginExistingContinueBtn"), 0): Tapped on element 'Object Repository/Login Onboarding/loginExistingContinueBtn'

2022-06-16 09:44:51 - [MESSAGE][WARNING] - Timeout '0' is invalid. Using default page load timeout: '40'

2022-06-16 09:44:52 - [MESSAGE][PASSED] - Tapped on element 'Object Repository/Login Onboarding/loginExistingContinueBtn'

2022-06-16 09:44:52 - [TEST_STEP][PASSED] - waitForElementPresent(findTestObject("Login Onboarding/loginExistingMineConfirmationBtn"), 50): Element 'Object Repository/Login Onboarding/loginExistingMineConfirmationBtn' is present

2022-06-16 09:44:53 - [MESSAGE][PASSED] - Element 'Object Repository/Login Onboarding/loginExistingMineConfirmationBtn' is present

2022-06-16 09:44:53 - [TEST_STEP][PASSED] - tap(findTestObject("Login Onboarding/loginExistingMineConfirmationBtn"), 0): Tapped on element 'Object Repository/Login Onboarding/loginExistingMineConfirmationBtn'

2022-06-16 09:44:53 - [MESSAGE][WARNING] - Timeout '0' is invalid. Using default page load timeout: '40'

2022-06-16 09:44:53 - [MESSAGE][PASSED] - Tapped on element 'Object Repository/Login Onboarding/loginExistingMineConfirmationBtn'

2022-06-16 09:44:53 - [TEST_STEP][PASSED] - setText(findTestObject("Login Onboarding/loginPasswordInputField"), Password, 0): Text 'pass1234' has been set to element 'Object Repository/Login Onboarding/loginPasswordInputField'

2022-06-16 09:44:53 - [MESSAGE][WARNING] - Timeout '0' is invalid. Using default page load timeout: '40'

2022-06-16 09:44:56 - [MESSAGE][PASSED] - Text 'pass1234' has been set to element 'Object Repository/Login Onboarding/loginPasswordInputField'

2022-06-16 09:44:56 - [TEST_STEP][PASSED] - hideKeyboard(): Keyboard is hidden

2022-06-16 09:45:00 - [MESSAGE][PASSED] - Keyboard is hidden

2022-06-16 09:45:00 - [TEST_STEP][PASSED] - tap(findTestObject("Login Onboarding/loginExistingContinueBtn"), 0): Tapped on element 'Object Repository/Login Onboarding/loginExistingContinueBtn'

2022-06-16 09:45:00 - [MESSAGE][WARNING] - Timeout '0' is invalid. Using default page load timeout: '40'

2022-06-16 09:45:00 - [MESSAGE][PASSED] - Tapped on element 'Object Repository/Login Onboarding/loginExistingContinueBtn'

2022-06-16 09:45:00 - [TEST_STEP][PASSED] - if (verifyElementVisible(findTestObject("Login Onboarding/Proceed"), 3, OPTIONAL)): Element 'Object Repository/Login Onboarding/Proceed' not found

2022-06-16 09:45:03 - [MESSAGE][WARNING] - Element 'Object Repository/Login Onboarding/Proceed' not found

2022-06-16 09:45:03 - [TEST_STEP][PASSED] - else: null

2022-06-16 09:45:03 - [TEST_STEP][PASSED] - tap(findTestObject("Login Onboarding/PIN1"), 0): Tapped on element 'Object Repository/Login Onboarding/PIN1'

2022-06-16 09:45:03 - [MESSAGE][WARNING] - Timeout '0' is invalid. Using default page load timeout: '40'

2022-06-16 09:45:19 - [MESSAGE][PASSED] - Tapped on element 'Object Repository/Login Onboarding/PIN1'

2022-06-16 09:45:19 - [TEST_STEP][PASSED] - tap(findTestObject("Login Onboarding/PIN1"), 0): Tapped on element 'Object Repository/Login Onboarding/PIN1'

2022-06-16 09:45:19 - [MESSAGE][WARNING] - Timeout '0' is invalid. Using default page load timeout: '40'

2022-06-16 09:45:21 - [MESSAGE][PASSED] - Tapped on element 'Object Repository/Login Onboarding/PIN1'

2022-06-16 09:45:21 - [TEST_STEP][PASSED] - tap(findTestObject("Login Onboarding/PIN1"), 0): Tapped on element 'Object Repository/Login Onboarding/PIN1'

2022-06-16 09:45:21 - [MESSAGE][WARNING] - Timeout '0' is invalid. Using default page load timeout: '40'

2022-06-16 09:45:22 - [MESSAGE][PASSED] - Tapped on element 'Object Repository/Login Onboarding/PIN1'

2022-06-16 09:45:22 - [TEST_STEP][PASSED] - tap(findTestObject("Login Onboarding/PIN1"), 0): Tapped on element 'Object Repository/Login Onboarding/PIN1'

2022-06-16 09:45:23 - [MESSAGE][WARNING] - Timeout '0' is invalid. Using default page load timeout: '40'

2022-06-16 09:45:24 - [MESSAGE][PASSED] - Tapped on element 'Object Repository/Login Onboarding/PIN1'

2022-06-16 09:45:24 - [TEST_STEP][PASSED] - tap(findTestObject("Login Onboarding/PIN1"), 0): Tapped on element 'Object Repository/Login Onboarding/PIN1'

2022-06-16 09:45:24 - [MESSAGE][WARNING] - Timeout '0' is invalid. Using default page load timeout: '40'

2022-06-16 09:45:26 - [MESSAGE][PASSED] - Tapped on element 'Object Repository/Login Onboarding/PIN1'

2022-06-16 09:45:26 - [TEST_STEP][PASSED] - tap(findTestObject("Login Onboarding/PIN2"), 0): Tapped on element 'Object Repository/Login Onboarding/PIN2'

2022-06-16 09:45:26 - [MESSAGE][WARNING] - Timeout '0' is invalid. Using default page load timeout: '40'

2022-06-16 09:45:28 - [MESSAGE][PASSED] - Tapped on element 'Object Repository/Login Onboarding/PIN2'

2022-06-16 09:45:28 - [TEST_STEP][PASSED] - tap(findTestObject("Login Onboarding/loginPinTickBtn"), 0): Tapped on element 'Object Repository/Login Onboarding/loginPinTickBtn'

2022-06-16 09:45:28 - [MESSAGE][WARNING] - Timeout '0' is invalid. Using default page load timeout: '40'

2022-06-16 09:45:30 - [MESSAGE][PASSED] - Tapped on element 'Object Repository/Login Onboarding/loginPinTickBtn'

2022-06-16 09:45:30 - [TEST_STEP][PASSED] - delay(2): Delayed 2 second(s)

2022-06-16 09:45:32 - [MESSAGE][PASSED] - Delayed 2 second(s)

2022-06-16 09:45:32 - [TEST_STEP][PASSED] - tap(findTestObject("Login Onboarding/PIN1"), 0): Tapped on element 'Object Repository/Login Onboarding/PIN1'

2022-06-16 09:45:32 - [MESSAGE][WARNING] - Timeout '0' is invalid. Using default page load timeout: '40'

2022-06-16 09:45:32 - [MESSAGE][PASSED] - Tapped on element 'Object Repository/Login Onboarding/PIN1'

2022-06-16 09:45:32 - [TEST_STEP][PASSED] - tap(findTestObject("Login Onboarding/PIN1"), 0): Tapped on element 'Object Repository/Login Onboarding/PIN1'

2022-06-16 09:45:32 - [MESSAGE][WARNING] - Timeout '0' is invalid. Using default page load timeout: '40'

2022-06-16 09:45:34 - [MESSAGE][PASSED] - Tapped on element 'Object Repository/Login Onboarding/PIN1'

2022-06-16 09:45:34 - [TEST_STEP][PASSED] - tap(findTestObject("Login Onboarding/PIN1"), 0): Tapped on element 'Object Repository/Login Onboarding/PIN1'

2022-06-16 09:45:34 - [MESSAGE][WARNING] - Timeout '0' is invalid. Using default page load timeout: '40'

2022-06-16 09:45:36 - [MESSAGE][PASSED] - Tapped on element 'Object Repository/Login Onboarding/PIN1'

2022-06-16 09:45:36 - [TEST_STEP][PASSED] - tap(findTestObject("Login Onboarding/PIN1"), 0): Tapped on element 'Object Repository/Login Onboarding/PIN1'

2022-06-16 09:45:36 - [MESSAGE][WARNING] - Timeout '0' is invalid. Using default page load timeout: '40'

2022-06-16 09:45:37 - [MESSAGE][PASSED] - Tapped on element 'Object Repository/Login Onboarding/PIN1'

2022-06-16 09:45:37 - [TEST_STEP][PASSED] - tap(findTestObject("Login Onboarding/PIN1"), 0): Tapped on element 'Object Repository/Login Onboarding/PIN1'

2022-06-16 09:45:38 - [MESSAGE][WARNING] - Timeout '0' is invalid. Using default page load timeout: '40'

2022-06-16 09:45:39 - [MESSAGE][PASSED] - Tapped on element 'Object Repository/Login Onboarding/PIN1'

2022-06-16 09:45:39 - [TEST_STEP][PASSED] - tap(findTestObject("Login Onboarding/PIN2"), 0): Tapped on element 'Object Repository/Login Onboarding/PIN2'

2022-06-16 09:45:39 - [MESSAGE][WARNING] - Timeout '0' is invalid. Using default page load timeout: '40'

2022-06-16 09:45:41 - [MESSAGE][PASSED] - Tapped on element 'Object Repository/Login Onboarding/PIN2'

2022-06-16 09:45:41 - [TEST_STEP][PASSED] - delay(2): Delayed 2 second(s)

2022-06-16 09:45:43 - [MESSAGE][PASSED] - Delayed 2 second(s)

2022-06-16 09:45:43 - [TEST_STEP][PASSED] - tap(findTestObject("Login Onboarding/loginPinTickBtn"), 0): Tapped on element 'Object Repository/Login Onboarding/loginPinTickBtn'

2022-06-16 09:45:43 - [MESSAGE][WARNING] - Timeout '0' is invalid. Using default page load timeout: '40'

2022-06-16 09:45:44 - [MESSAGE][PASSED] - Tapped on element 'Object Repository/Login Onboarding/loginPinTickBtn'

2022-06-16 09:45:44 - [TEST_STEP][PASSED] - tap(findTestObject("Login Onboarding/loginTouchIDSetUpLaterBtn"), 0): Tapped on element 'Object Repository/Login Onboarding/loginTouchIDSetUpLaterBtn'

2022-06-16 09:45:44 - [MESSAGE][WARNING] - Timeout '0' is invalid. Using default page load timeout: '40'

2022-06-16 09:45:46 - [MESSAGE][PASSED] - Tapped on element 'Object Repository/Login Onboarding/loginTouchIDSetUpLaterBtn'

2022-06-16 09:45:46 - [TEST_STEP][PASSED] - tap(findTestObject("Login Onboarding/loginVerifyNumberYesProceedBtn"), 0): Tapped on element 'Object Repository/Login Onboarding/loginVerifyNumberYesProceedBtn'

2022-06-16 09:45:46 - [MESSAGE][WARNING] - Timeout '0' is invalid. Using default page load timeout: '40'

2022-06-16 09:45:47 - [MESSAGE][PASSED] - Tapped on element 'Object Repository/Login Onboarding/loginVerifyNumberYesProceedBtn'

2022-06-16 09:45:47 - [TEST_STEP][PASSED] - OTP = getText(findTestObject("Login Onboarding/secureGetOTPTxt"), 0): Text of element 'Object Repository/Login Onboarding/secureGetOTPTxt' is: 'Your OTP no. is 118005'

2022-06-16 09:45:47 - [MESSAGE][WARNING] - Timeout '0' is invalid. Using default page load timeout: '40'

2022-06-16 09:46:10 - [MESSAGE][PASSED] - Text of element 'Object Repository/Login Onboarding/secureGetOTPTxt' is: 'Your OTP no. is 118005'

2022-06-16 09:46:10 - [TEST_STEP][PASSED] - for ([i = 16, i <= 21, (i++)]): null

2022-06-16 09:46:10 - [TEST_STEP][PASSED] - if (OTP[i] == "0"): null

2022-06-16 09:46:10 - [TEST_STEP][PASSED] - if (OTP[i] == "1"): Tapped on element 'Object Repository/Login Onboarding/PIN1'

2022-06-16 09:46:10 - [TEST_STEP][PASSED] - tap(findTestObject("Login Onboarding/PIN1"), 0): Tapped on element 'Object Repository/Login Onboarding/PIN1'

2022-06-16 09:46:10 - [MESSAGE][WARNING] - Timeout '0' is invalid. Using default page load timeout: '40'

2022-06-16 09:46:10 - [MESSAGE][PASSED] - Tapped on element 'Object Repository/Login Onboarding/PIN1'

2022-06-16 09:46:10 - [TEST_STEP][PASSED] - if (OTP[i] == "2"): null

2022-06-16 09:46:10 - [TEST_STEP][PASSED] - if (OTP[i] == "3"): null

2022-06-16 09:46:10 - [TEST_STEP][PASSED] - if (OTP[i] == "4"): null

2022-06-16 09:46:10 - [TEST_STEP][PASSED] - if (OTP[i] == "5"): null

2022-06-16 09:46:10 - [TEST_STEP][PASSED] - if (OTP[i] == "6"): null

2022-06-16 09:46:10 - [TEST_STEP][PASSED] - if (OTP[i] == "7"): null

2022-06-16 09:46:10 - [TEST_STEP][PASSED] - if (OTP[i] == "8"): null

2022-06-16 09:46:10 - [TEST_STEP][PASSED] - if (OTP[i] == "9"): null

2022-06-16 09:46:10 - [TEST_STEP][PASSED] - if (OTP[i] == "0"): null

2022-06-16 09:46:10 - [TEST_STEP][PASSED] - if (OTP[i] == "1"): Tapped on element 'Object Repository/Login Onboarding/PIN1'

2022-06-16 09:46:10 - [TEST_STEP][PASSED] - tap(findTestObject("Login Onboarding/PIN1"), 0): Tapped on element 'Object Repository/Login Onboarding/PIN1'

2022-06-16 09:46:11 - [MESSAGE][WARNING] - Timeout '0' is invalid. Using default page load timeout: '40'

2022-06-16 09:46:12 - [MESSAGE][PASSED] - Tapped on element 'Object Repository/Login Onboarding/PIN1'

2022-06-16 09:46:12 - [TEST_STEP][PASSED] - if (OTP[i] == "2"): null

2022-06-16 09:46:12 - [TEST_STEP][PASSED] - if (OTP[i] == "3"): null

2022-06-16 09:46:12 - [TEST_STEP][PASSED] - if (OTP[i] == "4"): null

2022-06-16 09:46:12 - [TEST_STEP][PASSED] - if (OTP[i] == "5"): null

2022-06-16 09:46:12 - [TEST_STEP][PASSED] - if (OTP[i] == "6"): null

2022-06-16 09:46:12 - [TEST_STEP][PASSED] - if (OTP[i] == "7"): null

2022-06-16 09:46:12 - [TEST_STEP][PASSED] - if (OTP[i] == "8"): null

2022-06-16 09:46:12 - [TEST_STEP][PASSED] - if (OTP[i] == "9"): null

2022-06-16 09:46:12 - [TEST_STEP][PASSED] - if (OTP[i] == "0"): null

2022-06-16 09:46:12 - [TEST_STEP][PASSED] - if (OTP[i] == "1"): null

2022-06-16 09:46:12 - [TEST_STEP][PASSED] - if (OTP[i] == "2"): null

2022-06-16 09:46:12 - [TEST_STEP][PASSED] - if (OTP[i] == "3"): null

2022-06-16 09:46:12 - [TEST_STEP][PASSED] - if (OTP[i] == "4"): null

2022-06-16 09:46:12 - [TEST_STEP][PASSED] - if (OTP[i] == "5"): null

2022-06-16 09:46:12 - [TEST_STEP][PASSED] - if (OTP[i] == "6"): null

2022-06-16 09:46:12 - [TEST_STEP][PASSED] - if (OTP[i] == "7"): null

2022-06-16 09:46:12 - [TEST_STEP][PASSED] - if (OTP[i] == "8"): Tapped on element 'Object Repository/Login Onboarding/PIN8'

2022-06-16 09:46:12 - [TEST_STEP][PASSED] - tap(findTestObject("Login Onboarding/PIN8"), 0): Tapped on element 'Object Repository/Login Onboarding/PIN8'

2022-06-16 09:46:12 - [MESSAGE][WARNING] - Timeout '0' is invalid. Using default page load timeout: '40'

2022-06-16 09:46:14 - [MESSAGE][PASSED] - Tapped on element 'Object Repository/Login Onboarding/PIN8'

2022-06-16 09:46:14 - [TEST_STEP][PASSED] - if (OTP[i] == "9"): null

2022-06-16 09:46:14 - [TEST_STEP][PASSED] - if (OTP[i] == "0"): Tapped on element 'Object Repository/Login Onboarding/PIN0'

2022-06-16 09:46:14 - [TEST_STEP][PASSED] - tap(findTestObject("Login Onboarding/PIN0"), 0): Tapped on element 'Object Repository/Login Onboarding/PIN0'

2022-06-16 09:46:14 - [MESSAGE][WARNING] - Timeout '0' is invalid. Using default page load timeout: '40'

2022-06-16 09:46:16 - [MESSAGE][PASSED] - Tapped on element 'Object Repository/Login Onboarding/PIN0'

2022-06-16 09:46:16 - [TEST_STEP][PASSED] - if (OTP[i] == "1"): null

2022-06-16 09:46:16 - [TEST_STEP][PASSED] - if (OTP[i] == "2"): null

2022-06-16 09:46:16 - [TEST_STEP][PASSED] - if (OTP[i] == "3"): null

2022-06-16 09:46:16 - [TEST_STEP][PASSED] - if (OTP[i] == "4"): null

2022-06-16 09:46:16 - [TEST_STEP][PASSED] - if (OTP[i] == "5"): null

2022-06-16 09:46:16 - [TEST_STEP][PASSED] - if (OTP[i] == "6"): null

2022-06-16 09:46:16 - [TEST_STEP][PASSED] - if (OTP[i] == "7"): null

2022-06-16 09:46:16 - [TEST_STEP][PASSED] - if (OTP[i] == "8"): null

2022-06-16 09:46:16 - [TEST_STEP][PASSED] - if (OTP[i] == "9"): null

2022-06-16 09:46:16 - [TEST_STEP][PASSED] - if (OTP[i] == "0"): Tapped on element 'Object Repository/Login Onboarding/PIN0'

2022-06-16 09:46:16 - [TEST_STEP][PASSED] - tap(findTestObject("Login Onboarding/PIN0"), 0): Tapped on element 'Object Repository/Login Onboarding/PIN0'

2022-06-16 09:46:16 - [MESSAGE][WARNING] - Timeout '0' is invalid. Using default page load timeout: '40'

2022-06-16 09:46:18 - [MESSAGE][PASSED] - Tapped on element 'Object Repository/Login Onboarding/PIN0'

2022-06-16 09:46:18 - [TEST_STEP][PASSED] - if (OTP[i] == "1"): null

2022-06-16 09:46:18 - [TEST_STEP][PASSED] - if (OTP[i] == "2"): null

2022-06-16 09:46:18 - [TEST_STEP][PASSED] - if (OTP[i] == "3"): null

2022-06-16 09:46:18 - [TEST_STEP][PASSED] - if (OTP[i] == "4"): null

2022-06-16 09:46:18 - [TEST_STEP][PASSED] - if (OTP[i] == "5"): null

2022-06-16 09:46:18 - [TEST_STEP][PASSED] - if (OTP[i] == "6"): null

2022-06-16 09:46:18 - [TEST_STEP][PASSED] - if (OTP[i] == "7"): null

2022-06-16 09:46:18 - [TEST_STEP][PASSED] - if (OTP[i] == "8"): null

2022-06-16 09:46:18 - [TEST_STEP][PASSED] - if (OTP[i] == "9"): null

2022-06-16 09:46:18 - [TEST_STEP][PASSED] - if (OTP[i] == "0"): null

2022-06-16 09:46:18 - [TEST_STEP][PASSED] - if (OTP[i] == "1"): null

2022-06-16 09:46:18 - [TEST_STEP][PASSED] - if (OTP[i] == "2"): null

2022-06-16 09:46:18 - [TEST_STEP][PASSED] - if (OTP[i] == "3"): null

2022-06-16 09:46:18 - [TEST_STEP][PASSED] - if (OTP[i] == "4"): null

2022-06-16 09:46:18 - [TEST_STEP][PASSED] - if (OTP[i] == "5"): Tapped on element 'Object Repository/Login Onboarding/PIN5'

2022-06-16 09:46:18 - [TEST_STEP][PASSED] - tap(findTestObject("Login Onboarding/PIN5"), 0): Tapped on element 'Object Repository/Login Onboarding/PIN5'

2022-06-16 09:46:18 - [MESSAGE][WARNING] - Timeout '0' is invalid. Using default page load timeout: '40'

2022-06-16 09:46:20 - [MESSAGE][PASSED] - Tapped on element 'Object Repository/Login Onboarding/PIN5'

2022-06-16 09:46:20 - [TEST_STEP][PASSED] - if (OTP[i] == "6"): null

2022-06-16 09:46:20 - [TEST_STEP][PASSED] - if (OTP[i] == "7"): null

2022-06-16 09:46:20 - [TEST_STEP][PASSED] - if (OTP[i] == "8"): null

2022-06-16 09:46:20 - [TEST_STEP][PASSED] - if (OTP[i] == "9"): null

2022-06-16 09:46:20 - [TEST_STEP][PASSED] - delay(3): Delayed 3 second(s)

2022-06-16 09:46:23 - [MESSAGE][PASSED] - Delayed 3 second(s)

2022-06-16 09:46:23 - [TEST_STEP][PASSED] - tap(findTestObject("Login Onboarding/TickOTP"), 0): Tapped on element 'Object Repository/Login Onboarding/TickOTP'

2022-06-16 09:46:23 - [MESSAGE][WARNING] - Timeout '0' is invalid. Using default page load timeout: '40'

2022-06-16 09:46:24 - [MESSAGE][PASSED] - Tapped on element 'Object Repository/Login Onboarding/TickOTP'

2022-06-16 09:46:24 - [TEST_STEP][PASSED] - waitForElementPresent(findTestObject("Login Onboarding/onboardNameInputField"), 30): Element 'Object Repository/Login Onboarding/onboardNameInputField' is present

2022-06-16 09:46:52 - [MESSAGE][PASSED] - Element 'Object Repository/Login Onboarding/onboardNameInputField' is present

2022-06-16 09:46:52 - [TEST_STEP][PASSED] - setText(findTestObject("Login Onboarding/onboardNameInputField"), "kachu", 0): Text 'kachu' has been set to element 'Object Repository/Login Onboarding/onboardNameInputField'

2022-06-16 09:46:52 - [MESSAGE][WARNING] - Timeout '0' is invalid. Using default page load timeout: '40'

2022-06-16 09:46:54 - [MESSAGE][PASSED] - Text 'kachu' has been set to element 'Object Repository/Login Onboarding/onboardNameInputField'

2022-06-16 09:46:54 - [TEST_STEP][PASSED] - hideKeyboard(): Keyboard is hidden

2022-06-16 09:46:54 - [MESSAGE][PASSED] - Keyboard is hidden

2022-06-16 09:46:54 - [TEST_STEP][PASSED] - delay(2): Delayed 2 second(s)

2022-06-16 09:46:56 - [MESSAGE][PASSED] - Delayed 2 second(s)

2022-06-16 09:46:56 - [TEST_STEP][PASSED] - tap(findTestObject("Login Onboarding/loginExistingContinueBtn"), 0): Tapped on element 'Object Repository/Login Onboarding/loginExistingContinueBtn'

2022-06-16 09:46:56 - [MESSAGE][WARNING] - Timeout '0' is invalid. Using default page load timeout: '40'

2022-06-16 09:46:57 - [MESSAGE][PASSED] - Tapped on element 'Object Repository/Login Onboarding/loginExistingContinueBtn'

2022-06-16 09:46:57 - [TEST_STEP][PASSED] - delay(2): Delayed 2 second(s)

2022-06-16 09:46:59 - [MESSAGE][PASSED] - Delayed 2 second(s)

2022-06-16 09:46:59 - [TEST_STEP][PASSED] - driver = getDriver(): null

2022-06-16 09:46:59 - [TEST_STEP][PASSED] - tap(findTestObject("Login Onboarding/loginExistingContinueBtn"), 0): Tapped on element 'Object Repository/Login Onboarding/loginExistingContinueBtn'

2022-06-16 09:46:59 - [MESSAGE][WARNING] - Timeout '0' is invalid. Using default page load timeout: '40'

2022-06-16 09:46:59 - [MESSAGE][PASSED] - Tapped on element 'Object Repository/Login Onboarding/loginExistingContinueBtn'

2022-06-16 09:46:59 - [TEST_STEP][PASSED] - tap(findTestObject("Login Onboarding/onboardReferSkipBtn"), 0): Tapped on element 'Object Repository/Login Onboarding/onboardReferSkipBtn'

2022-06-16 09:46:59 - [MESSAGE][WARNING] - Timeout '0' is invalid. Using default page load timeout: '40'

2022-06-16 09:47:05 - [MESSAGE][PASSED] - Tapped on element 'Object Repository/Login Onboarding/onboardReferSkipBtn'

2022-06-16 09:47:05 - [TEST_STEP][PASSED] - delay(2): Delayed 2 second(s)

2022-06-16 09:47:07 - [MESSAGE][PASSED] - Delayed 2 second(s)

2022-06-16 09:47:07 - [TEST_STEP][PASSED] - takeScreenshot("/Users/a00139272/Desktop/Screenshot/Onboard.png"): Screenshot is taken

2022-06-16 09:47:08 - [MESSAGE][PASSED] - Screenshot is taken
[[ATTACHMENT|/Users/a00139272/Desktop/Screenshot/Onboard.png]]

2022-06-16 09:47:08 - [TEST_STEP][PASSED] - tap(findTestObject("Main/mainDoneBtn"), 0): Tapped on element 'Object Repository/Main/mainDoneBtn'

2022-06-16 09:47:08 - [MESSAGE][WARNING] - Timeout '0' is invalid. Using default page load timeout: '40'

2022-06-16 09:47:08 - [MESSAGE][PASSED] - Tapped on element 'Object Repository/Main/mainDoneBtn'

2022-06-16 09:47:08 - [TEST_STEP][PASSED] - delay(5): Delayed 5 second(s)

2022-06-16 09:47:13 - [MESSAGE][PASSED] - Delayed 5 second(s)]]></system-out>
         <system-err><![CDATA[]]></system-err>
      </testcase>
      <testcase name="Test Cases/Settings/settings_secure2uRegistration" time="88.764" classname="Test Cases/Settings/settings_secure2uRegistration" status="PASSED">
         <system-out><![CDATA[2022-06-16 09:47:13 - [TEST_CASE][PASSED] - Test Cases/Settings/settings_secure2uRegistration: Test Cases/Settings/settings_secure2uRegistration

2022-06-16 09:47:14 - [TEST_STEP][PASSED] - setMobileDriverPreferencesProperty("appPackage", "com.maybank2u.life.uat"): null

2022-06-16 09:47:14 - [TEST_STEP][PASSED] - setMobileDriverPreferencesProperty("appActivity", "com.maybank2u.life.MainActivity"): null

2022-06-16 09:47:14 - [TEST_STEP][PASSED] - startApplication(appPath, false): Started app at: '/Users/a00139272/Katalon Studio/MAE/androidapp/app-dev-universal-release (1).apk'

2022-06-16 09:47:14 - [MESSAGE][INFO] - User set preference: ['appWaitActivity', '*']

2022-06-16 09:47:14 - [MESSAGE][INFO] - User set preference: ['deviceId', '002b9cc60508']

2022-06-16 09:47:14 - [MESSAGE][INFO] - User set preference: ['appPackage', 'com.maybank2u.life.uat']

2022-06-16 09:47:14 - [MESSAGE][INFO] - User set preference: ['appActivity', 'com.maybank2u.life.MainActivity']

2022-06-16 09:47:22 - [MESSAGE][PASSED] - Started app at: '/Users/a00139272/Katalon Studio/MAE/androidapp/app-dev-universal-release (1).apk'

2022-06-16 09:47:22 - [TEST_STEP][PASSED] - delay(3): Delayed 3 second(s)

2022-06-16 09:47:25 - [MESSAGE][PASSED] - Delayed 3 second(s)

2022-06-16 09:47:25 - [TEST_STEP][PASSED] - device_Height = getDeviceHeight(): Current device physical height is 2167

2022-06-16 09:47:25 - [MESSAGE][PASSED] - Current device physical height is 2167

2022-06-16 09:47:25 - [TEST_STEP][PASSED] - device_Width = getDeviceWidth(): Current device physical width is 1080

2022-06-16 09:47:25 - [MESSAGE][PASSED] - Current device physical width is 1080

2022-06-16 09:47:25 - [TEST_STEP][PASSED] - startX = device_Width / 1.25: null

2022-06-16 09:47:25 - [TEST_STEP][PASSED] - startY = device_Height * 0.97: null

2022-06-16 09:47:25 - [TEST_STEP][PASSED] - tapAtPosition(startX, startY): Tapped at [864, 2,101]

2022-06-16 09:47:28 - [MESSAGE][PASSED] - Tapped at [864, 2,101]

2022-06-16 09:47:28 - [TEST_STEP][PASSED] - tap(findTestObject("Main/mainSettingsBtn"), 0): Tapped on element 'Object Repository/Main/mainSettingsBtn'

2022-06-16 09:47:28 - [MESSAGE][WARNING] - Timeout '0' is invalid. Using default page load timeout: '40'

2022-06-16 09:47:29 - [MESSAGE][PASSED] - Tapped on element 'Object Repository/Main/mainSettingsBtn'

2022-06-16 09:47:29 - [TEST_STEP][PASSED] - tap(findTestObject("Settings/settingsMaybank2UBtn"), 0): Tapped on element 'Object Repository/Settings/settingsMaybank2UBtn'

2022-06-16 09:47:30 - [MESSAGE][WARNING] - Timeout '0' is invalid. Using default page load timeout: '40'

2022-06-16 09:47:31 - [MESSAGE][PASSED] - Tapped on element 'Object Repository/Settings/settingsMaybank2UBtn'

2022-06-16 09:47:31 - [TEST_STEP][PASSED] - if (verifyElementVisible(findTestObject("Login Onboarding/loginEnterPasswordMessage"), 0, OPTIONAL)): null

2022-06-16 09:47:31 - [MESSAGE][WARNING] - Timeout '0' is invalid. Using default page load timeout: '40'

2022-06-16 09:47:35 - [MESSAGE][PASSED] - Element 'Object Repository/Login Onboarding/loginEnterPasswordMessage' is visible

2022-06-16 09:47:35 - [TEST_STEP][PASSED] - setText(findTestObject("Login Onboarding/loginPasswordInputField"), Password, 0): Text 'pass1234' has been set to element 'Object Repository/Login Onboarding/loginPasswordInputField'

2022-06-16 09:47:35 - [MESSAGE][WARNING] - Timeout '0' is invalid. Using default page load timeout: '40'

2022-06-16 09:47:36 - [MESSAGE][PASSED] - Text 'pass1234' has been set to element 'Object Repository/Login Onboarding/loginPasswordInputField'

2022-06-16 09:47:36 - [TEST_STEP][PASSED] - hideKeyboard(): Keyboard is hidden

2022-06-16 09:47:40 - [MESSAGE][PASSED] - Keyboard is hidden

2022-06-16 09:47:40 - [TEST_STEP][PASSED] - tap(findTestObject("Login Onboarding/loginExistingContinueBtn"), 0): Tapped on element 'Object Repository/Login Onboarding/loginExistingContinueBtn'

2022-06-16 09:47:40 - [MESSAGE][WARNING] - Timeout '0' is invalid. Using default page load timeout: '40'

2022-06-16 09:47:40 - [MESSAGE][PASSED] - Tapped on element 'Object Repository/Login Onboarding/loginExistingContinueBtn'

2022-06-16 09:47:40 - [TEST_STEP][PASSED] - delay(5): Delayed 5 second(s)

2022-06-16 09:47:45 - [MESSAGE][PASSED] - Delayed 5 second(s)

2022-06-16 09:47:45 - [TEST_STEP][PASSED] - verifyElementExist(findTestObject("Settings/settingS2UToggle"), 0): Element 'Object Repository/Settings/settingS2UToggle' is exist

2022-06-16 09:47:46 - [MESSAGE][WARNING] - Timeout '0' is invalid. Using default page load timeout: '40'

2022-06-16 09:48:06 - [MESSAGE][PASSED] - Element 'Object Repository/Settings/settingS2UToggle' is exist

2022-06-16 09:48:06 - [TEST_STEP][PASSED] - tap(findTestObject("Settings/settingS2UToggle"), 0): Tapped on element 'Object Repository/Settings/settingS2UToggle'

2022-06-16 09:48:06 - [MESSAGE][WARNING] - Timeout '0' is invalid. Using default page load timeout: '40'

2022-06-16 09:48:06 - [MESSAGE][PASSED] - Tapped on element 'Object Repository/Settings/settingS2UToggle'

2022-06-16 09:48:06 - [TEST_STEP][PASSED] - tap(findTestObject("Banking/s2UActivateNowBtn"), 0): Tapped on element 'Object Repository/Banking/s2UActivateNowBtn'

2022-06-16 09:48:06 - [MESSAGE][WARNING] - Timeout '0' is invalid. Using default page load timeout: '40'

2022-06-16 09:48:09 - [MESSAGE][PASSED] - Tapped on element 'Object Repository/Banking/s2UActivateNowBtn'

2022-06-16 09:48:09 - [TEST_STEP][PASSED] - tap(findTestObject("Banking/s2UConfirmBtn"), 0): Tapped on element 'Object Repository/Banking/s2UConfirmBtn'

2022-06-16 09:48:09 - [MESSAGE][WARNING] - Timeout '0' is invalid. Using default page load timeout: '40'

2022-06-16 09:48:11 - [MESSAGE][PASSED] - Tapped on element 'Object Repository/Banking/s2UConfirmBtn'

2022-06-16 09:48:11 - [TEST_STEP][PASSED] - OTP = getText(findTestObject("Login Onboarding/secureGetOTPTxt"), 0): Text of element 'Object Repository/Login Onboarding/secureGetOTPTxt' is: 'Your OTP no. is 971642'

2022-06-16 09:48:11 - [MESSAGE][WARNING] - Timeout '0' is invalid. Using default page load timeout: '40'

2022-06-16 09:48:15 - [MESSAGE][PASSED] - Text of element 'Object Repository/Login Onboarding/secureGetOTPTxt' is: 'Your OTP no. is 971642'

2022-06-16 09:48:15 - [TEST_STEP][PASSED] - for ([i = 16, i <= 21, (i++)]): null

2022-06-16 09:48:15 - [TEST_STEP][PASSED] - if (OTP[i] == "0"): null

2022-06-16 09:48:15 - [TEST_STEP][PASSED] - if (OTP[i] == "1"): null

2022-06-16 09:48:15 - [TEST_STEP][PASSED] - if (OTP[i] == "2"): null

2022-06-16 09:48:15 - [TEST_STEP][PASSED] - if (OTP[i] == "3"): null

2022-06-16 09:48:15 - [TEST_STEP][PASSED] - if (OTP[i] == "4"): null

2022-06-16 09:48:15 - [TEST_STEP][PASSED] - if (OTP[i] == "5"): null

2022-06-16 09:48:15 - [TEST_STEP][PASSED] - if (OTP[i] == "6"): null

2022-06-16 09:48:15 - [TEST_STEP][PASSED] - if (OTP[i] == "7"): null

2022-06-16 09:48:15 - [TEST_STEP][PASSED] - if (OTP[i] == "8"): null

2022-06-16 09:48:15 - [TEST_STEP][PASSED] - if (OTP[i] == "9"): Tapped on element 'Object Repository/Login Onboarding/PIN9'

2022-06-16 09:48:15 - [TEST_STEP][PASSED] - tap(findTestObject("Login Onboarding/PIN9"), 0): Tapped on element 'Object Repository/Login Onboarding/PIN9'

2022-06-16 09:48:15 - [MESSAGE][WARNING] - Timeout '0' is invalid. Using default page load timeout: '40'

2022-06-16 09:48:15 - [MESSAGE][PASSED] - Tapped on element 'Object Repository/Login Onboarding/PIN9'

2022-06-16 09:48:15 - [TEST_STEP][PASSED] - if (OTP[i] == "0"): null

2022-06-16 09:48:15 - [TEST_STEP][PASSED] - if (OTP[i] == "1"): null

2022-06-16 09:48:15 - [TEST_STEP][PASSED] - if (OTP[i] == "2"): null

2022-06-16 09:48:15 - [TEST_STEP][PASSED] - if (OTP[i] == "3"): null

2022-06-16 09:48:15 - [TEST_STEP][PASSED] - if (OTP[i] == "4"): null

2022-06-16 09:48:15 - [TEST_STEP][PASSED] - if (OTP[i] == "5"): null

2022-06-16 09:48:15 - [TEST_STEP][PASSED] - if (OTP[i] == "6"): null

2022-06-16 09:48:15 - [TEST_STEP][PASSED] - if (OTP[i] == "7"): Tapped on element 'Object Repository/Login Onboarding/PIN7'

2022-06-16 09:48:15 - [TEST_STEP][PASSED] - tap(findTestObject("Login Onboarding/PIN7"), 0): Tapped on element 'Object Repository/Login Onboarding/PIN7'

2022-06-16 09:48:15 - [MESSAGE][WARNING] - Timeout '0' is invalid. Using default page load timeout: '40'

2022-06-16 09:48:17 - [MESSAGE][PASSED] - Tapped on element 'Object Repository/Login Onboarding/PIN7'

2022-06-16 09:48:17 - [TEST_STEP][PASSED] - if (OTP[i] == "8"): null

2022-06-16 09:48:17 - [TEST_STEP][PASSED] - if (OTP[i] == "9"): null

2022-06-16 09:48:17 - [TEST_STEP][PASSED] - if (OTP[i] == "0"): null

2022-06-16 09:48:17 - [TEST_STEP][PASSED] - if (OTP[i] == "1"): Tapped on element 'Object Repository/Login Onboarding/PIN1'

2022-06-16 09:48:17 - [TEST_STEP][PASSED] - tap(findTestObject("Login Onboarding/PIN1"), 0): Tapped on element 'Object Repository/Login Onboarding/PIN1'

2022-06-16 09:48:17 - [MESSAGE][WARNING] - Timeout '0' is invalid. Using default page load timeout: '40'

2022-06-16 09:48:19 - [MESSAGE][PASSED] - Tapped on element 'Object Repository/Login Onboarding/PIN1'

2022-06-16 09:48:19 - [TEST_STEP][PASSED] - if (OTP[i] == "2"): null

2022-06-16 09:48:19 - [TEST_STEP][PASSED] - if (OTP[i] == "3"): null

2022-06-16 09:48:19 - [TEST_STEP][PASSED] - if (OTP[i] == "4"): null

2022-06-16 09:48:19 - [TEST_STEP][PASSED] - if (OTP[i] == "5"): null

2022-06-16 09:48:19 - [TEST_STEP][PASSED] - if (OTP[i] == "6"): null

2022-06-16 09:48:19 - [TEST_STEP][PASSED] - if (OTP[i] == "7"): null

2022-06-16 09:48:19 - [TEST_STEP][PASSED] - if (OTP[i] == "8"): null

2022-06-16 09:48:19 - [TEST_STEP][PASSED] - if (OTP[i] == "9"): null

2022-06-16 09:48:19 - [TEST_STEP][PASSED] - if (OTP[i] == "0"): null

2022-06-16 09:48:19 - [TEST_STEP][PASSED] - if (OTP[i] == "1"): null

2022-06-16 09:48:19 - [TEST_STEP][PASSED] - if (OTP[i] == "2"): null

2022-06-16 09:48:19 - [TEST_STEP][PASSED] - if (OTP[i] == "3"): null

2022-06-16 09:48:19 - [TEST_STEP][PASSED] - if (OTP[i] == "4"): null

2022-06-16 09:48:19 - [TEST_STEP][PASSED] - if (OTP[i] == "5"): null

2022-06-16 09:48:19 - [TEST_STEP][PASSED] - if (OTP[i] == "6"): Tapped on element 'Object Repository/Login Onboarding/PIN6'

2022-06-16 09:48:19 - [TEST_STEP][PASSED] - tap(findTestObject("Login Onboarding/PIN6"), 0): Tapped on element 'Object Repository/Login Onboarding/PIN6'

2022-06-16 09:48:19 - [MESSAGE][WARNING] - Timeout '0' is invalid. Using default page load timeout: '40'

2022-06-16 09:48:21 - [MESSAGE][PASSED] - Tapped on element 'Object Repository/Login Onboarding/PIN6'

2022-06-16 09:48:21 - [TEST_STEP][PASSED] - if (OTP[i] == "7"): null

2022-06-16 09:48:21 - [TEST_STEP][PASSED] - if (OTP[i] == "8"): null

2022-06-16 09:48:21 - [TEST_STEP][PASSED] - if (OTP[i] == "9"): null

2022-06-16 09:48:21 - [TEST_STEP][PASSED] - if (OTP[i] == "0"): null

2022-06-16 09:48:21 - [TEST_STEP][PASSED] - if (OTP[i] == "1"): null

2022-06-16 09:48:21 - [TEST_STEP][PASSED] - if (OTP[i] == "2"): null

2022-06-16 09:48:21 - [TEST_STEP][PASSED] - if (OTP[i] == "3"): null

2022-06-16 09:48:21 - [TEST_STEP][PASSED] - if (OTP[i] == "4"): Tapped on element 'Object Repository/Login Onboarding/PIN4'

2022-06-16 09:48:21 - [TEST_STEP][PASSED] - tap(findTestObject("Login Onboarding/PIN4"), 0): Tapped on element 'Object Repository/Login Onboarding/PIN4'

2022-06-16 09:48:21 - [MESSAGE][WARNING] - Timeout '0' is invalid. Using default page load timeout: '40'

2022-06-16 09:48:23 - [MESSAGE][PASSED] - Tapped on element 'Object Repository/Login Onboarding/PIN4'

2022-06-16 09:48:23 - [TEST_STEP][PASSED] - if (OTP[i] == "5"): null

2022-06-16 09:48:23 - [TEST_STEP][PASSED] - if (OTP[i] == "6"): null

2022-06-16 09:48:23 - [TEST_STEP][PASSED] - if (OTP[i] == "7"): null

2022-06-16 09:48:23 - [TEST_STEP][PASSED] - if (OTP[i] == "8"): null

2022-06-16 09:48:23 - [TEST_STEP][PASSED] - if (OTP[i] == "9"): null

2022-06-16 09:48:23 - [TEST_STEP][PASSED] - if (OTP[i] == "0"): null

2022-06-16 09:48:23 - [TEST_STEP][PASSED] - if (OTP[i] == "1"): null

2022-06-16 09:48:23 - [TEST_STEP][PASSED] - if (OTP[i] == "2"): Tapped on element 'Object Repository/Login Onboarding/PIN2'

2022-06-16 09:48:23 - [TEST_STEP][PASSED] - tap(findTestObject("Login Onboarding/PIN2"), 0): Tapped on element 'Object Repository/Login Onboarding/PIN2'

2022-06-16 09:48:23 - [MESSAGE][WARNING] - Timeout '0' is invalid. Using default page load timeout: '40'

2022-06-16 09:48:25 - [MESSAGE][PASSED] - Tapped on element 'Object Repository/Login Onboarding/PIN2'

2022-06-16 09:48:25 - [TEST_STEP][PASSED] - if (OTP[i] == "3"): null

2022-06-16 09:48:25 - [TEST_STEP][PASSED] - if (OTP[i] == "4"): null

2022-06-16 09:48:25 - [TEST_STEP][PASSED] - if (OTP[i] == "5"): null

2022-06-16 09:48:25 - [TEST_STEP][PASSED] - if (OTP[i] == "6"): null

2022-06-16 09:48:25 - [TEST_STEP][PASSED] - if (OTP[i] == "7"): null

2022-06-16 09:48:25 - [TEST_STEP][PASSED] - if (OTP[i] == "8"): null

2022-06-16 09:48:25 - [TEST_STEP][PASSED] - if (OTP[i] == "9"): null

2022-06-16 09:48:25 - [TEST_STEP][PASSED] - delay(3): Delayed 3 second(s)

2022-06-16 09:48:28 - [MESSAGE][PASSED] - Delayed 3 second(s)

2022-06-16 09:48:28 - [TEST_STEP][PASSED] - tap(findTestObject("Login Onboarding/TickOTP"), 0): Tapped on element 'Object Repository/Login Onboarding/TickOTP'

2022-06-16 09:48:28 - [MESSAGE][WARNING] - Timeout '0' is invalid. Using default page load timeout: '40'

2022-06-16 09:48:29 - [MESSAGE][PASSED] - Tapped on element 'Object Repository/Login Onboarding/TickOTP'

2022-06-16 09:48:29 - [TEST_STEP][PASSED] - setText(findTestObject("Banking/s2UIDNumberInputField"), S2U_ID, 0): Text '680912085142' has been set to element 'Object Repository/Banking/s2UIDNumberInputField'

2022-06-16 09:48:29 - [MESSAGE][WARNING] - Timeout '0' is invalid. Using default page load timeout: '40'

2022-06-16 09:48:32 - [MESSAGE][PASSED] - Text '680912085142' has been set to element 'Object Repository/Banking/s2UIDNumberInputField'

2022-06-16 09:48:32 - [TEST_STEP][PASSED] - hideKeyboard(): Keyboard is hidden

2022-06-16 09:48:34 - [MESSAGE][PASSED] - Keyboard is hidden

2022-06-16 09:48:34 - [TEST_STEP][PASSED] - tap(findTestObject("Login Onboarding/loginExistingContinueBtn"), 0): Tapped on element 'Object Repository/Login Onboarding/loginExistingContinueBtn'

2022-06-16 09:48:34 - [MESSAGE][WARNING] - Timeout '0' is invalid. Using default page load timeout: '40'

2022-06-16 09:48:34 - [MESSAGE][PASSED] - Tapped on element 'Object Repository/Login Onboarding/loginExistingContinueBtn'

2022-06-16 09:48:34 - [TEST_STEP][PASSED] - delay(3): Delayed 3 second(s)

2022-06-16 09:48:37 - [MESSAGE][PASSED] - Delayed 3 second(s)

2022-06-16 09:48:37 - [TEST_STEP][PASSED] - hideKeyboard(): Keyboard is hidden

2022-06-16 09:48:38 - [MESSAGE][PASSED] - Keyboard is hidden

2022-06-16 09:48:38 - [TEST_STEP][PASSED] - takeScreenshot("/Users/a00139272/Desktop/Screenshot/s2u.png"): Screenshot is taken

2022-06-16 09:48:38 - [MESSAGE][PASSED] - Screenshot is taken
[[ATTACHMENT|/Users/a00139272/Desktop/Screenshot/s2u.png]]

2022-06-16 09:48:38 - [TEST_STEP][PASSED] - tap(findTestObject("Login Onboarding/loginExistingContinueBtn"), 0): Tapped on element 'Object Repository/Login Onboarding/loginExistingContinueBtn'

2022-06-16 09:48:38 - [MESSAGE][WARNING] - Timeout '0' is invalid. Using default page load timeout: '40'

2022-06-16 09:48:39 - [MESSAGE][PASSED] - Tapped on element 'Object Repository/Login Onboarding/loginExistingContinueBtn'

2022-06-16 09:48:39 - [TEST_STEP][PASSED] - delay(3): Delayed 3 second(s)

2022-06-16 09:48:42 - [MESSAGE][PASSED] - Delayed 3 second(s)]]></system-out>
         <system-err><![CDATA[]]></system-err>
      </testcase>
      <testcase name="Test Cases/PayBill/payBills_todayTransaction" time="109.977" classname="Test Cases/PayBill/payBills_todayTransaction" status="FAILED">
         <failure type="FAILED" message="Test Cases/PayBill/payBills_todayTransaction FAILED.
Reason:
com.kms.katalon.core.exception.StepFailedException: Object Object Repository/Banking/m2uAccountTypeSelection not found
	at com.kms.katalon.core.keyword.internal.KeywordMain.stepFailed(KeywordMain.groovy:39)
	at com.kms.katalon.core.mobile.keyword.internal.MobileKeywordMain.stepFailed(MobileKeywordMain.groovy:40)
	at com.kms.katalon.core.mobile.keyword.builtin.TapKeyword$_tap_closure1.doCall(TapKeyword.groovy:79)
	at com.kms.katalon.core.mobile.keyword.builtin.TapKeyword$_tap_closure1.call(TapKeyword.groovy)
	at com.kms.katalon.core.mobile.keyword.internal.MobileKeywordMain.runKeyword(MobileKeywordMain.groovy:21)
	at com.kms.katalon.core.mobile.keyword.builtin.TapKeyword.tap(TapKeyword.groovy:84)
	at com.kms.katalon.core.mobile.keyword.builtin.TapKeyword.execute(TapKeyword.groovy:68)
	at com.kms.katalon.core.keyword.internal.KeywordExecutor.executeKeywordForPlatform(KeywordExecutor.groovy:74)
	at com.kms.katalon.core.mobile.keyword.MobileBuiltInKeywords.tap(MobileBuiltInKeywords.groovy:1490)
	at com.kms.katalon.core.mobile.keyword.MobileBuiltInKeywords$tap$2.call(Unknown Source)
	at payBills_todayTransaction.run(payBills_todayTransaction:52)
	at com.kms.katalon.core.main.ScriptEngine.run(ScriptEngine.java:194)
	at com.kms.katalon.core.main.ScriptEngine.runScriptAsRawText(ScriptEngine.java:119)
	at com.kms.katalon.core.main.TestCaseExecutor.runScript(TestCaseExecutor.java:445)
	at com.kms.katalon.core.main.TestCaseExecutor.doExecute(TestCaseExecutor.java:436)
	at com.kms.katalon.core.main.TestCaseExecutor.processExecutionPhase(TestCaseExecutor.java:415)
	at com.kms.katalon.core.main.TestCaseExecutor.accessMainPhase(TestCaseExecutor.java:407)
	at com.kms.katalon.core.main.TestCaseExecutor.execute(TestCaseExecutor.java:284)
	at com.kms.katalon.core.common.CommonExecutor.accessTestCaseMainPhase(CommonExecutor.java:65)
	at com.kms.katalon.core.main.TestSuiteExecutor.accessTestSuiteMainPhase(TestSuiteExecutor.java:144)
	at com.kms.katalon.core.main.TestSuiteExecutor.execute(TestSuiteExecutor.java:106)
	at com.kms.katalon.core.main.TestCaseMain.startTestSuite(TestCaseMain.java:185)
	at com.kms.katalon.core.main.TestCaseMain$startTestSuite$0.call(Unknown Source)
	at TempTestSuite1655343854176.run(TempTestSuite1655343854176.groovy:36)
"/>
         <system-out><![CDATA[2022-06-16 09:48:42 - [TEST_CASE][FAILED] - Test Cases/PayBill/payBills_todayTransaction: Test Cases/PayBill/payBills_todayTransaction FAILED.
Reason:
com.kms.katalon.core.exception.StepFailedException: Object Object Repository/Banking/m2uAccountTypeSelection not found
	at com.kms.katalon.core.keyword.internal.KeywordMain.stepFailed(KeywordMain.groovy:39)
	at com.kms.katalon.core.mobile.keyword.internal.MobileKeywordMain.stepFailed(MobileKeywordMain.groovy:40)
	at com.kms.katalon.core.mobile.keyword.builtin.TapKeyword$_tap_closure1.doCall(TapKeyword.groovy:79)
	at com.kms.katalon.core.mobile.keyword.builtin.TapKeyword$_tap_closure1.call(TapKeyword.groovy)
	at com.kms.katalon.core.mobile.keyword.internal.MobileKeywordMain.runKeyword(MobileKeywordMain.groovy:21)
	at com.kms.katalon.core.mobile.keyword.builtin.TapKeyword.tap(TapKeyword.groovy:84)
	at com.kms.katalon.core.mobile.keyword.builtin.TapKeyword.execute(TapKeyword.groovy:68)
	at com.kms.katalon.core.keyword.internal.KeywordExecutor.executeKeywordForPlatform(KeywordExecutor.groovy:74)
	at com.kms.katalon.core.mobile.keyword.MobileBuiltInKeywords.tap(MobileBuiltInKeywords.groovy:1490)
	at com.kms.katalon.core.mobile.keyword.MobileBuiltInKeywords$tap$2.call(Unknown Source)
	at payBills_todayTransaction.run(payBills_todayTransaction:52)
	at com.kms.katalon.core.main.ScriptEngine.run(ScriptEngine.java:194)
	at com.kms.katalon.core.main.ScriptEngine.runScriptAsRawText(ScriptEngine.java:119)
	at com.kms.katalon.core.main.TestCaseExecutor.runScript(TestCaseExecutor.java:445)
	at com.kms.katalon.core.main.TestCaseExecutor.doExecute(TestCaseExecutor.java:436)
	at com.kms.katalon.core.main.TestCaseExecutor.processExecutionPhase(TestCaseExecutor.java:415)
	at com.kms.katalon.core.main.TestCaseExecutor.accessMainPhase(TestCaseExecutor.java:407)
	at com.kms.katalon.core.main.TestCaseExecutor.execute(TestCaseExecutor.java:284)
	at com.kms.katalon.core.common.CommonExecutor.accessTestCaseMainPhase(CommonExecutor.java:65)
	at com.kms.katalon.core.main.TestSuiteExecutor.accessTestSuiteMainPhase(TestSuiteExecutor.java:144)
	at com.kms.katalon.core.main.TestSuiteExecutor.execute(TestSuiteExecutor.java:106)
	at com.kms.katalon.core.main.TestCaseMain.startTestSuite(TestCaseMain.java:185)
	at com.kms.katalon.core.main.TestCaseMain$startTestSuite$0.call(Unknown Source)
	at TempTestSuite1655343854176.run(TempTestSuite1655343854176.groovy:36)


2022-06-16 09:48:42 - [TEST_STEP][PASSED] - delay(5): Delayed 5 second(s)

2022-06-16 09:48:47 - [MESSAGE][PASSED] - Delayed 5 second(s)

2022-06-16 09:48:47 - [TEST_STEP][PASSED] - device_Height = getDeviceHeight(): Current device physical height is 2167

2022-06-16 09:48:47 - [MESSAGE][PASSED] - Current device physical height is 2167

2022-06-16 09:48:47 - [TEST_STEP][PASSED] - device_Width = getDeviceWidth(): Current device physical width is 1080

2022-06-16 09:48:47 - [MESSAGE][PASSED] - Current device physical width is 1080

2022-06-16 09:48:47 - [TEST_STEP][PASSED] - startX = device_Width / 3: null

2022-06-16 09:48:47 - [TEST_STEP][PASSED] - startY = device_Height * 0.97: null

2022-06-16 09:48:47 - [TEST_STEP][PASSED] - tapAtPosition(startX, startY): Tapped at [360, 2,101]

2022-06-16 09:48:48 - [MESSAGE][PASSED] - Tapped at [360, 2,101]

2022-06-16 09:48:48 - [TEST_STEP][FAILED] - tap(findTestObject("Banking/m2uAccountTypeSelection", ["text":accType]), 10): Object Object Repository/Banking/m2uAccountTypeSelection not found

2022-06-16 09:48:58 - [MESSAGE][FAILED] - Object Object Repository/Banking/m2uAccountTypeSelection not found

2022-06-16 09:48:58 - [TEST_STEP][PASSED] - tap(findTestObject("Banking/m2uAccountPayBillsIconSelect"), 0): Tapped on element 'Object Repository/Banking/m2uAccountPayBillsIconSelect'

2022-06-16 09:48:58 - [MESSAGE][WARNING] - Timeout '0' is invalid. Using default page load timeout: '40'

2022-06-16 09:49:13 - [MESSAGE][PASSED] - Tapped on element 'Object Repository/Banking/m2uAccountPayBillsIconSelect'

2022-06-16 09:49:13 - [TEST_STEP][PASSED] - verifyElementExist(findTestObject("Paybill/payBillsIconSelect"), 40): Element 'Object Repository/Paybill/payBillsIconSelect' is exist

2022-06-16 09:49:19 - [MESSAGE][PASSED] - Element 'Object Repository/Paybill/payBillsIconSelect' is exist

2022-06-16 09:49:19 - [TEST_STEP][PASSED] - tap(findTestObject("Paybill/payBillsIconSelect"), 0): Tapped on element 'Object Repository/Paybill/payBillsIconSelect'

2022-06-16 09:49:19 - [MESSAGE][WARNING] - Timeout '0' is invalid. Using default page load timeout: '40'

2022-06-16 09:49:20 - [MESSAGE][PASSED] - Tapped on element 'Object Repository/Paybill/payBillsIconSelect'

2022-06-16 09:49:20 - [TEST_STEP][PASSED] - tap(findTestObject("Paybill/payBillSearchBillerInputField"), 0): Tapped on element 'Object Repository/Paybill/payBillSearchBillerInputField'

2022-06-16 09:49:20 - [MESSAGE][WARNING] - Timeout '0' is invalid. Using default page load timeout: '40'

2022-06-16 09:49:23 - [MESSAGE][PASSED] - Tapped on element 'Object Repository/Paybill/payBillSearchBillerInputField'

2022-06-16 09:49:23 - [TEST_STEP][PASSED] - setText(findTestObject("Paybill/payBillBillerNameInputField"), payeeName, 0): Text '21st Century' has been set to element 'Object Repository/Paybill/payBillBillerNameInputField'

2022-06-16 09:49:23 - [MESSAGE][WARNING] - Timeout '0' is invalid. Using default page load timeout: '40'

2022-06-16 09:49:25 - [MESSAGE][PASSED] - Text '21st Century' has been set to element 'Object Repository/Paybill/payBillBillerNameInputField'

2022-06-16 09:49:25 - [TEST_STEP][PASSED] - delay(3): Delayed 3 second(s)

2022-06-16 09:49:28 - [MESSAGE][PASSED] - Delayed 3 second(s)

2022-06-16 09:49:28 - [TEST_STEP][PASSED] - tap(findTestObject("Paybill/payBillBillerSelect", ["payeeName":payeeName]), 10): Tapped on element 'Object Repository/Paybill/payBillBillerSelect'

2022-06-16 09:49:28 - [MESSAGE][PASSED] - Tapped on element 'Object Repository/Paybill/payBillBillerSelect'

2022-06-16 09:49:28 - [TEST_STEP][PASSED] - tap(findTestObject("Paybill/payBillBillerSelect", ["payeeName":payeeName]), 10): Tapped on element 'Object Repository/Paybill/payBillBillerSelect'

2022-06-16 09:49:29 - [MESSAGE][PASSED] - Tapped on element 'Object Repository/Paybill/payBillBillerSelect'

2022-06-16 09:49:29 - [TEST_STEP][PASSED] - delay(3): Delayed 3 second(s)

2022-06-16 09:49:32 - [MESSAGE][PASSED] - Delayed 3 second(s)

2022-06-16 09:49:32 - [TEST_STEP][PASSED] - verifyElementText(findTestObject("Paybill/payBillsAccountPayeeNameTxt", ["payee":payeeName]), payeeName): Actual text and expected text of test object 'Object Repository/Paybill/payBillsAccountPayeeNameTxt' are matched.

2022-06-16 09:49:32 - [MESSAGE][PASSED] - Actual text and expected text of test object 'Object Repository/Paybill/payBillsAccountPayeeNameTxt' are matched.

2022-06-16 09:49:32 - [TEST_STEP][PASSED] - verifyElementExist(findTestObject("Paybill/payBillsAccountNumberTitleTxt"), 0): Element 'Object Repository/Paybill/payBillsAccountNumberTitleTxt' is exist

2022-06-16 09:49:32 - [MESSAGE][WARNING] - Timeout '0' is invalid. Using default page load timeout: '40'

2022-06-16 09:49:33 - [MESSAGE][PASSED] - Element 'Object Repository/Paybill/payBillsAccountNumberTitleTxt' is exist

2022-06-16 09:49:33 - [TEST_STEP][PASSED] - setText(findTestObject("Paybill/PayBillAccountNumberInputField"), AccountNo, 0): Text '12299292' has been set to element 'Object Repository/Paybill/PayBillAccountNumberInputField'

2022-06-16 09:49:33 - [MESSAGE][WARNING] - Timeout '0' is invalid. Using default page load timeout: '40'

2022-06-16 09:49:34 - [MESSAGE][PASSED] - Text '12299292' has been set to element 'Object Repository/Paybill/PayBillAccountNumberInputField'

2022-06-16 09:49:34 - [TEST_STEP][PASSED] - hideKeyboard(): Keyboard is hidden

2022-06-16 09:49:36 - [MESSAGE][PASSED] - Keyboard is hidden

2022-06-16 09:49:36 - [TEST_STEP][PASSED] - verifyElementText(findTestObject("Paybill/payBillsAccountNumberInputtedTxt", ["AccountNo":AccountNo]), AccountNo): Actual text and expected text of test object 'Object Repository/Paybill/payBillsAccountNumberInputtedTxt' are matched.

2022-06-16 09:49:36 - [MESSAGE][PASSED] - Actual text and expected text of test object 'Object Repository/Paybill/payBillsAccountNumberInputtedTxt' are matched.

2022-06-16 09:49:36 - [TEST_STEP][PASSED] - tap(findTestObject("Login Onboarding/loginExistingContinueBtn"), 0): Tapped on element 'Object Repository/Login Onboarding/loginExistingContinueBtn'

2022-06-16 09:49:36 - [MESSAGE][WARNING] - Timeout '0' is invalid. Using default page load timeout: '40'

2022-06-16 09:49:37 - [MESSAGE][PASSED] - Tapped on element 'Object Repository/Login Onboarding/loginExistingContinueBtn'

2022-06-16 09:49:37 - [TEST_STEP][PASSED] - delay(3): Delayed 3 second(s)

2022-06-16 09:49:40 - [MESSAGE][PASSED] - Delayed 3 second(s)

2022-06-16 09:49:40 - [TEST_STEP][PASSED] - verifyElementText(findTestObject("Paybill/payBillsAmountPayeeNameTxt", ["payee":payeeName]), payeeName): Actual text and expected text of test object 'Object Repository/Paybill/payBillsAmountPayeeNameTxt' are matched.

2022-06-16 09:49:40 - [MESSAGE][PASSED] - Actual text and expected text of test object 'Object Repository/Paybill/payBillsAmountPayeeNameTxt' are matched.

2022-06-16 09:49:40 - [TEST_STEP][PASSED] - verifyElementText(findTestObject("Paybill/payBillsAmountPayeeAccountNoTxt", ["accNo":accNo]), accNo): Actual text and expected text of test object 'Object Repository/Paybill/payBillsAmountPayeeAccountNoTxt' are matched.

2022-06-16 09:49:40 - [MESSAGE][PASSED] - Actual text and expected text of test object 'Object Repository/Paybill/payBillsAmountPayeeAccountNoTxt' are matched.

2022-06-16 09:49:40 - [TEST_STEP][PASSED] - verifyElementExist(findTestObject("Paybill/payBillsAmountInitialTxt"), 0): Element 'Object Repository/Paybill/payBillsAmountInitialTxt' is exist

2022-06-16 09:49:40 - [MESSAGE][WARNING] - Timeout '0' is invalid. Using default page load timeout: '40'

2022-06-16 09:49:40 - [MESSAGE][PASSED] - Element 'Object Repository/Paybill/payBillsAmountInitialTxt' is exist

2022-06-16 09:49:40 - [TEST_STEP][PASSED] - verifyElementExist(findTestObject("Paybill/payBillsAmountCurrencyTxt"), 0): Element 'Object Repository/Paybill/payBillsAmountCurrencyTxt' is exist

2022-06-16 09:49:40 - [MESSAGE][WARNING] - Timeout '0' is invalid. Using default page load timeout: '40'

2022-06-16 09:49:41 - [MESSAGE][PASSED] - Element 'Object Repository/Paybill/payBillsAmountCurrencyTxt' is exist

2022-06-16 09:49:41 - [TEST_STEP][PASSED] - verifyElementExist(findTestObject("Paybill/payBillsAmountEnterTitleTxt"), 0): Element 'Object Repository/Paybill/payBillsAmountEnterTitleTxt' is exist

2022-06-16 09:49:41 - [MESSAGE][WARNING] - Timeout '0' is invalid. Using default page load timeout: '40'

2022-06-16 09:49:41 - [MESSAGE][PASSED] - Element 'Object Repository/Paybill/payBillsAmountEnterTitleTxt' is exist

2022-06-16 09:49:41 - [TEST_STEP][PASSED] - tap(findTestObject("Login Onboarding/PIN5"), 0): Tapped on element 'Object Repository/Login Onboarding/PIN5'

2022-06-16 09:49:41 - [MESSAGE][WARNING] - Timeout '0' is invalid. Using default page load timeout: '40'

2022-06-16 09:49:41 - [MESSAGE][PASSED] - Tapped on element 'Object Repository/Login Onboarding/PIN5'

2022-06-16 09:49:41 - [TEST_STEP][PASSED] - tap(findTestObject("Login Onboarding/PIN0"), 0): Tapped on element 'Object Repository/Login Onboarding/PIN0'

2022-06-16 09:49:41 - [MESSAGE][WARNING] - Timeout '0' is invalid. Using default page load timeout: '40'

2022-06-16 09:49:42 - [MESSAGE][PASSED] - Tapped on element 'Object Repository/Login Onboarding/PIN0'

2022-06-16 09:49:42 - [TEST_STEP][PASSED] - tap(findTestObject("Login Onboarding/PIN0"), 0): Tapped on element 'Object Repository/Login Onboarding/PIN0'

2022-06-16 09:49:42 - [MESSAGE][WARNING] - Timeout '0' is invalid. Using default page load timeout: '40'

2022-06-16 09:49:42 - [MESSAGE][PASSED] - Tapped on element 'Object Repository/Login Onboarding/PIN0'

2022-06-16 09:49:42 - [TEST_STEP][PASSED] - tap(findTestObject("Login Onboarding/PIN0"), 0): Tapped on element 'Object Repository/Login Onboarding/PIN0'

2022-06-16 09:49:42 - [MESSAGE][WARNING] - Timeout '0' is invalid. Using default page load timeout: '40'

2022-06-16 09:49:42 - [MESSAGE][PASSED] - Tapped on element 'Object Repository/Login Onboarding/PIN0'

2022-06-16 09:49:42 - [TEST_STEP][PASSED] - delay(3): Delayed 3 second(s)

2022-06-16 09:49:45 - [MESSAGE][PASSED] - Delayed 3 second(s)

2022-06-16 09:49:45 - [TEST_STEP][PASSED] - verifyElementText(findTestObject("Paybill/payBillsAmountInputtedTxt", ["value":values]), values): Actual text and expected text of test object 'Object Repository/Paybill/payBillsAmountInputtedTxt' are matched.

2022-06-16 09:49:45 - [MESSAGE][PASSED] - Actual text and expected text of test object 'Object Repository/Paybill/payBillsAmountInputtedTxt' are matched.

2022-06-16 09:49:45 - [TEST_STEP][PASSED] - tap(findTestObject("Main/mainAmountTickBtn"), 0): Tapped on element 'Object Repository/Main/mainAmountTickBtn'

2022-06-16 09:49:45 - [MESSAGE][WARNING] - Timeout '0' is invalid. Using default page load timeout: '40'

2022-06-16 09:49:46 - [MESSAGE][PASSED] - Tapped on element 'Object Repository/Main/mainAmountTickBtn'

2022-06-16 09:49:46 - [TEST_STEP][PASSED] - delay(5): Delayed 5 second(s)

2022-06-16 09:49:51 - [MESSAGE][PASSED] - Delayed 5 second(s)

2022-06-16 09:49:51 - [TEST_STEP][PASSED] - verifyElementText(findTestObject("Paybill/payBillsConfirmPayeeNameTxt", ["payeeName":payeeName]), payeeName): Actual text and expected text of test object 'Object Repository/Paybill/payBillsConfirmPayeeNameTxt' are matched.

2022-06-16 09:49:51 - [MESSAGE][PASSED] - Actual text and expected text of test object 'Object Repository/Paybill/payBillsConfirmPayeeNameTxt' are matched.

2022-06-16 09:49:51 - [TEST_STEP][PASSED] - verifyElementText(findTestObject("Paybill/payBillsConfirmPayeeAccountNoTxt", ["accNo":accNo]), accNo): Actual text and expected text of test object 'Object Repository/Paybill/payBillsConfirmPayeeAccountNoTxt' are matched.

2022-06-16 09:49:51 - [MESSAGE][PASSED] - Actual text and expected text of test object 'Object Repository/Paybill/payBillsConfirmPayeeAccountNoTxt' are matched.

2022-06-16 09:49:51 - [TEST_STEP][PASSED] - verifyElementText(findTestObject("Paybill/payBillsConfirmAmountTxt", ["amount":amount]), amount): Actual text and expected text of test object 'Object Repository/Paybill/payBillsConfirmAmountTxt' are matched.

2022-06-16 09:49:51 - [MESSAGE][PASSED] - Actual text and expected text of test object 'Object Repository/Paybill/payBillsConfirmAmountTxt' are matched.

2022-06-16 09:49:51 - [TEST_STEP][PASSED] - verifyElementExist(findTestObject("Paybill/payBillsConfirmDateTitleTxt"), 0): Element 'Object Repository/Paybill/payBillsConfirmDateTitleTxt' is exist

2022-06-16 09:49:51 - [MESSAGE][WARNING] - Timeout '0' is invalid. Using default page load timeout: '40'

2022-06-16 09:49:52 - [MESSAGE][PASSED] - Element 'Object Repository/Paybill/payBillsConfirmDateTitleTxt' is exist

2022-06-16 09:49:52 - [TEST_STEP][PASSED] - verifyElementText(findTestObject("Paybill/payBillsConfirmDateTxt", ["trxDate":trxDate]), trxDate): Actual text and expected text of test object 'Object Repository/Paybill/payBillsConfirmDateTxt' are matched.

2022-06-16 09:49:52 - [MESSAGE][PASSED] - Actual text and expected text of test object 'Object Repository/Paybill/payBillsConfirmDateTxt' are matched.

2022-06-16 09:49:52 - [TEST_STEP][PASSED] - verifyElementExist(findTestObject("Paybill/payBillsConfirmPayFromTxt"), 0): Element 'Object Repository/Paybill/payBillsConfirmPayFromTxt' is exist

2022-06-16 09:49:52 - [MESSAGE][WARNING] - Timeout '0' is invalid. Using default page load timeout: '40'

2022-06-16 09:49:52 - [MESSAGE][PASSED] - Element 'Object Repository/Paybill/payBillsConfirmPayFromTxt' is exist

2022-06-16 09:49:52 - [TEST_STEP][PASSED] - verifyElementText(findTestObject("Transfer/transferConfirmationFromAccTypeTxt", ["accType":accType]), accType): Actual text and expected text of test object 'Object Repository/Transfer/transferConfirmationFromAccTypeTxt' are matched.

2022-06-16 09:49:53 - [MESSAGE][PASSED] - Actual text and expected text of test object 'Object Repository/Transfer/transferConfirmationFromAccTypeTxt' are matched.

2022-06-16 09:49:53 - [TEST_STEP][PASSED] - verifyElementText(findTestObject("Transfer/transferConfirmationFromAccNoTxt", ["accNoFrom":accNoFrom]), accNoFrom): Actual text and expected text of test object 'Object Repository/Transfer/transferConfirmationFromAccNoTxt' are matched.

2022-06-16 09:49:53 - [MESSAGE][PASSED] - Actual text and expected text of test object 'Object Repository/Transfer/transferConfirmationFromAccNoTxt' are matched.

2022-06-16 09:49:53 - [TEST_STEP][PASSED] - verifyElementExist(findTestObject("Transfer/transferConfirmationFromAccBalanceTxt"), 0): Element 'Object Repository/Transfer/transferConfirmationFromAccBalanceTxt' is exist

2022-06-16 09:49:53 - [MESSAGE][WARNING] - Timeout '0' is invalid. Using default page load timeout: '40'

2022-06-16 09:49:53 - [MESSAGE][PASSED] - Element 'Object Repository/Transfer/transferConfirmationFromAccBalanceTxt' is exist

2022-06-16 09:49:53 - [TEST_STEP][PASSED] - accountBalance = getText(findTestObject("Transfer/transferConfirmationFromAccBalanceTxt"), 0): Text of element 'Object Repository/Transfer/transferConfirmationFromAccBalanceTxt' is: 'RM 894.34'

2022-06-16 09:49:53 - [MESSAGE][WARNING] - Timeout '0' is invalid. Using default page load timeout: '40'

2022-06-16 09:49:53 - [MESSAGE][PASSED] - Text of element 'Object Repository/Transfer/transferConfirmationFromAccBalanceTxt' is: 'RM 894.34'

2022-06-16 09:49:53 - [TEST_STEP][PASSED] - println(accountBalance): null

2022-06-16 09:49:53 - [TEST_STEP][PASSED] - waitForElementPresent(findTestObject("Main/mainPayNowBtn"), 5): Element 'Object Repository/Main/mainPayNowBtn' is present

2022-06-16 09:49:53 - [MESSAGE][PASSED] - Element 'Object Repository/Main/mainPayNowBtn' is present

2022-06-16 09:49:53 - [TEST_STEP][PASSED] - tap(findTestObject("Main/mainPayNowBtn"), 0): Tapped on element 'Object Repository/Main/mainPayNowBtn'

2022-06-16 09:49:53 - [MESSAGE][WARNING] - Timeout '0' is invalid. Using default page load timeout: '40'

2022-06-16 09:49:54 - [MESSAGE][PASSED] - Tapped on element 'Object Repository/Main/mainPayNowBtn'

2022-06-16 09:49:54 - [TEST_STEP][PASSED] - if (verifyElementVisible(findTestObject("Festive Season/festiveReturnAngpaoTACNoTxt"), 10, OPTIONAL)): Element 'Object Repository/Festive Season/festiveReturnAngpaoTACNoTxt' not found

2022-06-16 09:50:04 - [MESSAGE][WARNING] - Element 'Object Repository/Festive Season/festiveReturnAngpaoTACNoTxt' not found

2022-06-16 09:50:04 - [TEST_STEP][PASSED] - else: Tapped on element 'Object Repository/Main/mainS2UApproveBtn'

2022-06-16 09:50:04 - [TEST_STEP][PASSED] - delay(5): Delayed 5 second(s)

2022-06-16 09:50:09 - [MESSAGE][PASSED] - Delayed 5 second(s)

2022-06-16 09:50:09 - [TEST_STEP][PASSED] - verifyElementVisible(findTestObject("Main/mainS2UApproveBtn"), 10): Element 'Object Repository/Main/mainS2UApproveBtn' is visible

2022-06-16 09:50:09 - [MESSAGE][PASSED] - Element 'Object Repository/Main/mainS2UApproveBtn' is visible

2022-06-16 09:50:09 - [TEST_STEP][PASSED] - tap(findTestObject("Main/mainS2UApproveBtn"), 0): Tapped on element 'Object Repository/Main/mainS2UApproveBtn'

2022-06-16 09:50:09 - [MESSAGE][WARNING] - Timeout '0' is invalid. Using default page load timeout: '40'

2022-06-16 09:50:09 - [MESSAGE][PASSED] - Tapped on element 'Object Repository/Main/mainS2UApproveBtn'

2022-06-16 09:50:09 - [TEST_STEP][PASSED] - verifyElementExist(findTestObject("Festive Season/returnAngpaoStatusMessageTxt"), 0): Element 'Object Repository/Festive Season/returnAngpaoStatusMessageTxt' is exist

2022-06-16 09:50:09 - [MESSAGE][WARNING] - Timeout '0' is invalid. Using default page load timeout: '40'

2022-06-16 09:50:14 - [MESSAGE][PASSED] - Element 'Object Repository/Festive Season/returnAngpaoStatusMessageTxt' is exist

2022-06-16 09:50:14 - [TEST_STEP][PASSED] - message = getText(findTestObject("Festive Season/returnAngpaoStatusMessageTxt"), 10): Text of element 'Object Repository/Festive Season/returnAngpaoStatusMessageTxt' is: 'Payment successful'

2022-06-16 09:50:14 - [MESSAGE][PASSED] - Text of element 'Object Repository/Festive Season/returnAngpaoStatusMessageTxt' is: 'Payment successful'

2022-06-16 09:50:14 - [TEST_STEP][PASSED] - println(message): null

2022-06-16 09:50:14 - [TEST_STEP][PASSED] - assert message == successTransactionMessage: null

2022-06-16 09:50:14 - [TEST_STEP][PASSED] - delay(5): Delayed 5 second(s)

2022-06-16 09:50:19 - [MESSAGE][PASSED] - Delayed 5 second(s)

2022-06-16 09:50:19 - [TEST_STEP][PASSED] - verifyElementExist(findTestObject("Paybill/payBillsSummaryDateTimeTitleTxt"), 0): Element 'Object Repository/Paybill/payBillsSummaryDateTimeTitleTxt' is exist

2022-06-16 09:50:19 - [MESSAGE][WARNING] - Timeout '0' is invalid. Using default page load timeout: '40'

2022-06-16 09:50:19 - [MESSAGE][PASSED] - Element 'Object Repository/Paybill/payBillsSummaryDateTimeTitleTxt' is exist

2022-06-16 09:50:19 - [TEST_STEP][PASSED] - verifyElementExist(findTestObject("Duit Now/duitNowSummaryRefernceIDTitleTxt"), 0): Element 'Object Repository/Duit Now/duitNowSummaryRefernceIDTitleTxt' is exist

2022-06-16 09:50:19 - [MESSAGE][WARNING] - Timeout '0' is invalid. Using default page load timeout: '40'

2022-06-16 09:50:19 - [MESSAGE][PASSED] - Element 'Object Repository/Duit Now/duitNowSummaryRefernceIDTitleTxt' is exist

2022-06-16 09:50:19 - [TEST_STEP][PASSED] - verifyElementExist(findTestObject("Transfer/transferSummaryShareReceiptBtn"), 0): Element 'Object Repository/Transfer/transferSummaryShareReceiptBtn' is exist

2022-06-16 09:50:19 - [MESSAGE][WARNING] - Timeout '0' is invalid. Using default page load timeout: '40'

2022-06-16 09:50:19 - [MESSAGE][PASSED] - Element 'Object Repository/Transfer/transferSummaryShareReceiptBtn' is exist

2022-06-16 09:50:19 - [TEST_STEP][PASSED] - delay(5): Delayed 5 second(s)

2022-06-16 09:50:24 - [MESSAGE][PASSED] - Delayed 5 second(s)

2022-06-16 09:50:24 - [TEST_STEP][PASSED] - referenceID = getText(findTestObject("Send Request Money/requestMoneyPaySummaryRefIDTxt"), 0): Text of element 'Object Repository/Send Request Money/requestMoneyPaySummaryRefIDTxt' is: 'Reference ID'

2022-06-16 09:50:24 - [MESSAGE][WARNING] - Timeout '0' is invalid. Using default page load timeout: '40'

2022-06-16 09:50:25 - [MESSAGE][PASSED] - Text of element 'Object Repository/Send Request Money/requestMoneyPaySummaryRefIDTxt' is: 'Reference ID'

2022-06-16 09:50:25 - [TEST_STEP][PASSED] - println(referenceID): null

2022-06-16 09:50:25 - [TEST_STEP][PASSED] - test = dataFolder: null

2022-06-16 09:50:25 - [TEST_STEP][PASSED] - sheetName = "Sheet1": null

2022-06-16 09:50:25 - [TEST_STEP][PASSED] - file1 = new java.io.File(test): null

2022-06-16 09:50:25 - [TEST_STEP][PASSED] - assert file1.exists() == true: null

2022-06-16 09:50:25 - [TEST_STEP][PASSED] - woorkbook1 = getWorkbook(test): null

2022-06-16 09:50:25 - [TEST_STEP][PASSED] - sheet1 = getExcelSheet(woorkbook1, sheetName): null

2022-06-16 09:50:25 - [TEST_STEP][PASSED] - setValueToCellByIndex(sheet1, 4, 1, referenceID): null

2022-06-16 09:50:25 - [TEST_STEP][PASSED] - saveWorkbook(test, woorkbook1): null

2022-06-16 09:50:25 - [TEST_STEP][PASSED] - delay(3): Delayed 3 second(s)

2022-06-16 09:50:28 - [MESSAGE][PASSED] - Delayed 3 second(s)

2022-06-16 09:50:28 - [TEST_STEP][PASSED] - verifyElementVisible(findTestObject("Main/mainDoneBtn"), 0): Element 'Object Repository/Main/mainDoneBtn' is visible

2022-06-16 09:50:28 - [MESSAGE][WARNING] - Timeout '0' is invalid. Using default page load timeout: '40'

2022-06-16 09:50:28 - [MESSAGE][PASSED] - Element 'Object Repository/Main/mainDoneBtn' is visible

2022-06-16 09:50:28 - [TEST_STEP][PASSED] - takeScreenshot("/Users/a00139272/Desktop/Screenshot/payBillsInstant.png"): Screenshot is taken

2022-06-16 09:50:29 - [MESSAGE][PASSED] - Screenshot is taken
[[ATTACHMENT|/Users/a00139272/Desktop/Screenshot/payBillsInstant.png]]

2022-06-16 09:50:29 - [TEST_STEP][PASSED] - tap(findTestObject("Main/mainDoneBtn"), 0): Tapped on element 'Object Repository/Main/mainDoneBtn'

2022-06-16 09:50:29 - [MESSAGE][WARNING] - Timeout '0' is invalid. Using default page load timeout: '40'

2022-06-16 09:50:29 - [MESSAGE][PASSED] - Tapped on element 'Object Repository/Main/mainDoneBtn'

2022-06-16 09:50:29 - [TEST_STEP][PASSED] - delay(3): Delayed 3 second(s)

2022-06-16 09:50:32 - [MESSAGE][PASSED] - Delayed 3 second(s)]]></system-out>
         <system-err><![CDATA[2022-06-16 09:48:42 - [TEST_CASE][FAILED] - Test Cases/PayBill/payBills_todayTransaction: Test Cases/PayBill/payBills_todayTransaction FAILED.
Reason:
com.kms.katalon.core.exception.StepFailedException: Object Object Repository/Banking/m2uAccountTypeSelection not found
	at com.kms.katalon.core.keyword.internal.KeywordMain.stepFailed(KeywordMain.groovy:39)
	at com.kms.katalon.core.mobile.keyword.internal.MobileKeywordMain.stepFailed(MobileKeywordMain.groovy:40)
	at com.kms.katalon.core.mobile.keyword.builtin.TapKeyword$_tap_closure1.doCall(TapKeyword.groovy:79)
	at com.kms.katalon.core.mobile.keyword.builtin.TapKeyword$_tap_closure1.call(TapKeyword.groovy)
	at com.kms.katalon.core.mobile.keyword.internal.MobileKeywordMain.runKeyword(MobileKeywordMain.groovy:21)
	at com.kms.katalon.core.mobile.keyword.builtin.TapKeyword.tap(TapKeyword.groovy:84)
	at com.kms.katalon.core.mobile.keyword.builtin.TapKeyword.execute(TapKeyword.groovy:68)
	at com.kms.katalon.core.keyword.internal.KeywordExecutor.executeKeywordForPlatform(KeywordExecutor.groovy:74)
	at com.kms.katalon.core.mobile.keyword.MobileBuiltInKeywords.tap(MobileBuiltInKeywords.groovy:1490)
	at com.kms.katalon.core.mobile.keyword.MobileBuiltInKeywords$tap$2.call(Unknown Source)
	at payBills_todayTransaction.run(payBills_todayTransaction:52)
	at com.kms.katalon.core.main.ScriptEngine.run(ScriptEngine.java:194)
	at com.kms.katalon.core.main.ScriptEngine.runScriptAsRawText(ScriptEngine.java:119)
	at com.kms.katalon.core.main.TestCaseExecutor.runScript(TestCaseExecutor.java:445)
	at com.kms.katalon.core.main.TestCaseExecutor.doExecute(TestCaseExecutor.java:436)
	at com.kms.katalon.core.main.TestCaseExecutor.processExecutionPhase(TestCaseExecutor.java:415)
	at com.kms.katalon.core.main.TestCaseExecutor.accessMainPhase(TestCaseExecutor.java:407)
	at com.kms.katalon.core.main.TestCaseExecutor.execute(TestCaseExecutor.java:284)
	at com.kms.katalon.core.common.CommonExecutor.accessTestCaseMainPhase(CommonExecutor.java:65)
	at com.kms.katalon.core.main.TestSuiteExecutor.accessTestSuiteMainPhase(TestSuiteExecutor.java:144)
	at com.kms.katalon.core.main.TestSuiteExecutor.execute(TestSuiteExecutor.java:106)
	at com.kms.katalon.core.main.TestCaseMain.startTestSuite(TestCaseMain.java:185)
	at com.kms.katalon.core.main.TestCaseMain$startTestSuite$0.call(Unknown Source)
	at TempTestSuite1655343854176.run(TempTestSuite1655343854176.groovy:36)]]></system-err>
      </testcase>
      <testcase name="Test Cases/PayBill/payBills_scheduleTransaction" time="131.368" classname="Test Cases/PayBill/payBills_scheduleTransaction" status="PASSED">
         <system-out><![CDATA[2022-06-16 09:50:32 - [TEST_CASE][PASSED] - Test Cases/PayBill/payBills_scheduleTransaction: Test Cases/PayBill/payBills_scheduleTransaction

2022-06-16 09:50:32 - [TEST_STEP][PASSED] - device_Height = getDeviceHeight(): Current device physical height is 2167

2022-06-16 09:50:32 - [MESSAGE][PASSED] - Current device physical height is 2167

2022-06-16 09:50:32 - [TEST_STEP][PASSED] - device_Width = getDeviceWidth(): Current device physical width is 1080

2022-06-16 09:50:32 - [MESSAGE][PASSED] - Current device physical width is 1080

2022-06-16 09:50:32 - [TEST_STEP][PASSED] - startX = device_Width / 3: null

2022-06-16 09:50:32 - [TEST_STEP][PASSED] - startY = device_Height * 0.97: null

2022-06-16 09:50:32 - [TEST_STEP][PASSED] - tap(findTestObject("Banking/m2uAccountPayBillsIconSelect"), 0): Tapped on element 'Object Repository/Banking/m2uAccountPayBillsIconSelect'

2022-06-16 09:50:32 - [MESSAGE][WARNING] - Timeout '0' is invalid. Using default page load timeout: '40'

2022-06-16 09:50:33 - [MESSAGE][PASSED] - Tapped on element 'Object Repository/Banking/m2uAccountPayBillsIconSelect'

2022-06-16 09:50:33 - [TEST_STEP][PASSED] - waitForElementPresent(findTestObject("Paybill/payBillsIconSelect"), 0): Element 'Object Repository/Paybill/payBillsIconSelect' is present

2022-06-16 09:50:33 - [MESSAGE][WARNING] - Timeout '0' is invalid. Using default page load timeout: '40'

2022-06-16 09:50:38 - [MESSAGE][PASSED] - Element 'Object Repository/Paybill/payBillsIconSelect' is present

2022-06-16 09:50:38 - [TEST_STEP][PASSED] - tap(findTestObject("Paybill/payBillsIconSelect"), 0): Tapped on element 'Object Repository/Paybill/payBillsIconSelect'

2022-06-16 09:50:38 - [MESSAGE][WARNING] - Timeout '0' is invalid. Using default page load timeout: '40'

2022-06-16 09:50:39 - [MESSAGE][PASSED] - Tapped on element 'Object Repository/Paybill/payBillsIconSelect'

2022-06-16 09:50:39 - [TEST_STEP][PASSED] - tap(findTestObject("Paybill/payBillSearchBillerInputField"), 0): Tapped on element 'Object Repository/Paybill/payBillSearchBillerInputField'

2022-06-16 09:50:39 - [MESSAGE][WARNING] - Timeout '0' is invalid. Using default page load timeout: '40'

2022-06-16 09:50:42 - [MESSAGE][PASSED] - Tapped on element 'Object Repository/Paybill/payBillSearchBillerInputField'

2022-06-16 09:50:42 - [TEST_STEP][PASSED] - setText(findTestObject("Paybill/payBillBillerNameInputField"), payeeName, 0): Text '21st Century' has been set to element 'Object Repository/Paybill/payBillBillerNameInputField'

2022-06-16 09:50:42 - [MESSAGE][WARNING] - Timeout '0' is invalid. Using default page load timeout: '40'

2022-06-16 09:50:44 - [MESSAGE][PASSED] - Text '21st Century' has been set to element 'Object Repository/Paybill/payBillBillerNameInputField'

2022-06-16 09:50:44 - [TEST_STEP][PASSED] - delay(3): Delayed 3 second(s)

2022-06-16 09:50:47 - [MESSAGE][PASSED] - Delayed 3 second(s)

2022-06-16 09:50:47 - [TEST_STEP][PASSED] - tap(findTestObject("Paybill/payBillBillerSelect", ["payeeName":payeeName]), 10): Tapped on element 'Object Repository/Paybill/payBillBillerSelect'

2022-06-16 09:50:48 - [MESSAGE][PASSED] - Tapped on element 'Object Repository/Paybill/payBillBillerSelect'

2022-06-16 09:50:48 - [TEST_STEP][PASSED] - tap(findTestObject("Paybill/payBillBillerSelect", ["payeeName":payeeName]), 10): Tapped on element 'Object Repository/Paybill/payBillBillerSelect'

2022-06-16 09:50:48 - [MESSAGE][PASSED] - Tapped on element 'Object Repository/Paybill/payBillBillerSelect'

2022-06-16 09:50:48 - [TEST_STEP][PASSED] - delay(3): Delayed 3 second(s)

2022-06-16 09:50:51 - [MESSAGE][PASSED] - Delayed 3 second(s)

2022-06-16 09:50:51 - [TEST_STEP][PASSED] - verifyElementText(findTestObject("Paybill/payBillsAccountPayeeNameTxt", ["payee":payeeName]), payeeName): Actual text and expected text of test object 'Object Repository/Paybill/payBillsAccountPayeeNameTxt' are matched.

2022-06-16 09:50:52 - [MESSAGE][PASSED] - Actual text and expected text of test object 'Object Repository/Paybill/payBillsAccountPayeeNameTxt' are matched.

2022-06-16 09:50:52 - [TEST_STEP][PASSED] - verifyElementExist(findTestObject("Paybill/payBillsAccountNumberTitleTxt"), 0): Element 'Object Repository/Paybill/payBillsAccountNumberTitleTxt' is exist

2022-06-16 09:50:52 - [MESSAGE][WARNING] - Timeout '0' is invalid. Using default page load timeout: '40'

2022-06-16 09:50:52 - [MESSAGE][PASSED] - Element 'Object Repository/Paybill/payBillsAccountNumberTitleTxt' is exist

2022-06-16 09:50:52 - [TEST_STEP][PASSED] - setText(findTestObject("Paybill/PayBillAccountNumberInputField"), AccountNo, 0): Text '12299292' has been set to element 'Object Repository/Paybill/PayBillAccountNumberInputField'

2022-06-16 09:50:52 - [MESSAGE][WARNING] - Timeout '0' is invalid. Using default page load timeout: '40'

2022-06-16 09:50:53 - [MESSAGE][PASSED] - Text '12299292' has been set to element 'Object Repository/Paybill/PayBillAccountNumberInputField'

2022-06-16 09:50:53 - [TEST_STEP][PASSED] - hideKeyboard(): Keyboard is hidden

2022-06-16 09:50:54 - [MESSAGE][PASSED] - Keyboard is hidden

2022-06-16 09:50:54 - [TEST_STEP][PASSED] - verifyElementText(findTestObject("Paybill/payBillsAccountNumberInputtedTxt", ["AccountNo":AccountNo]), AccountNo): Actual text and expected text of test object 'Object Repository/Paybill/payBillsAccountNumberInputtedTxt' are matched.

2022-06-16 09:50:55 - [MESSAGE][PASSED] - Actual text and expected text of test object 'Object Repository/Paybill/payBillsAccountNumberInputtedTxt' are matched.

2022-06-16 09:50:55 - [TEST_STEP][PASSED] - tap(findTestObject("Login Onboarding/loginExistingContinueBtn"), 0): Tapped on element 'Object Repository/Login Onboarding/loginExistingContinueBtn'

2022-06-16 09:50:55 - [MESSAGE][WARNING] - Timeout '0' is invalid. Using default page load timeout: '40'

2022-06-16 09:50:55 - [MESSAGE][PASSED] - Tapped on element 'Object Repository/Login Onboarding/loginExistingContinueBtn'

2022-06-16 09:50:55 - [TEST_STEP][PASSED] - delay(3): Delayed 3 second(s)

2022-06-16 09:50:58 - [MESSAGE][PASSED] - Delayed 3 second(s)

2022-06-16 09:50:58 - [TEST_STEP][PASSED] - verifyElementText(findTestObject("Paybill/payBillsAmountPayeeNameTxt", ["payee":payeeName]), payeeName): Actual text and expected text of test object 'Object Repository/Paybill/payBillsAmountPayeeNameTxt' are matched.

2022-06-16 09:50:58 - [MESSAGE][PASSED] - Actual text and expected text of test object 'Object Repository/Paybill/payBillsAmountPayeeNameTxt' are matched.

2022-06-16 09:50:58 - [TEST_STEP][PASSED] - verifyElementText(findTestObject("Paybill/payBillsAmountPayeeAccountNoTxt", ["accNo":accNo]), accNo): Actual text and expected text of test object 'Object Repository/Paybill/payBillsAmountPayeeAccountNoTxt' are matched.

2022-06-16 09:50:58 - [MESSAGE][PASSED] - Actual text and expected text of test object 'Object Repository/Paybill/payBillsAmountPayeeAccountNoTxt' are matched.

2022-06-16 09:50:58 - [TEST_STEP][PASSED] - verifyElementExist(findTestObject("Paybill/payBillsAmountInitialTxt"), 0): Element 'Object Repository/Paybill/payBillsAmountInitialTxt' is exist

2022-06-16 09:50:58 - [MESSAGE][WARNING] - Timeout '0' is invalid. Using default page load timeout: '40'

2022-06-16 09:50:59 - [MESSAGE][PASSED] - Element 'Object Repository/Paybill/payBillsAmountInitialTxt' is exist

2022-06-16 09:50:59 - [TEST_STEP][PASSED] - verifyElementExist(findTestObject("Paybill/payBillsAmountCurrencyTxt"), 0): Element 'Object Repository/Paybill/payBillsAmountCurrencyTxt' is exist

2022-06-16 09:50:59 - [MESSAGE][WARNING] - Timeout '0' is invalid. Using default page load timeout: '40'

2022-06-16 09:50:59 - [MESSAGE][PASSED] - Element 'Object Repository/Paybill/payBillsAmountCurrencyTxt' is exist

2022-06-16 09:50:59 - [TEST_STEP][PASSED] - verifyElementExist(findTestObject("Paybill/payBillsAmountEnterTitleTxt"), 0): Element 'Object Repository/Paybill/payBillsAmountEnterTitleTxt' is exist

2022-06-16 09:50:59 - [MESSAGE][WARNING] - Timeout '0' is invalid. Using default page load timeout: '40'

2022-06-16 09:50:59 - [MESSAGE][PASSED] - Element 'Object Repository/Paybill/payBillsAmountEnterTitleTxt' is exist

2022-06-16 09:50:59 - [TEST_STEP][PASSED] - tap(findTestObject("Login Onboarding/PIN5"), 0): Tapped on element 'Object Repository/Login Onboarding/PIN5'

2022-06-16 09:50:59 - [MESSAGE][WARNING] - Timeout '0' is invalid. Using default page load timeout: '40'

2022-06-16 09:50:59 - [MESSAGE][PASSED] - Tapped on element 'Object Repository/Login Onboarding/PIN5'

2022-06-16 09:50:59 - [TEST_STEP][PASSED] - tap(findTestObject("Login Onboarding/PIN0"), 0): Tapped on element 'Object Repository/Login Onboarding/PIN0'

2022-06-16 09:50:59 - [MESSAGE][WARNING] - Timeout '0' is invalid. Using default page load timeout: '40'

2022-06-16 09:50:59 - [MESSAGE][PASSED] - Tapped on element 'Object Repository/Login Onboarding/PIN0'

[...]

2022-06-16 10:07:52 - [MESSAGE][PASSED] - Tapped on element 'Object Repository/Main/mainCalenderPickerDoneBtn'

2022-06-16 10:07:52 - [TEST_STEP][PASSED] - tap(findTestObject("Login Onboarding/loginExistingContinueBtn"), 0): Tapped on element 'Object Repository/Login Onboarding/loginExistingContinueBtn'

2022-06-16 10:07:52 - [MESSAGE][WARNING] - Timeout '0' is invalid. Using default page load timeout: '40'

2022-06-16 10:07:53 - [MESSAGE][PASSED] - Tapped on element 'Object Repository/Login Onboarding/loginExistingContinueBtn'

2022-06-16 10:07:53 - [TEST_STEP][PASSED] - setText(findTestObject("zakat/zakatMobileNoInputField"), "181610161", 0): Text '181610161' has been set to element 'Object Repository/zakat/zakatMobileNoInputField'

2022-06-16 10:07:53 - [MESSAGE][WARNING] - Timeout '0' is invalid. Using default page load timeout: '40'

2022-06-16 10:07:55 - [MESSAGE][PASSED] - Text '181610161' has been set to element 'Object Repository/zakat/zakatMobileNoInputField'

2022-06-16 10:07:55 - [TEST_STEP][PASSED] - hideKeyboard(): Keyboard is hidden

2022-06-16 10:08:00 - [MESSAGE][PASSED] - Keyboard is hidden

2022-06-16 10:08:00 - [TEST_STEP][PASSED] - tap(findTestObject("Login Onboarding/loginExistingContinueBtn"), 0): Tapped on element 'Object Repository/Login Onboarding/loginExistingContinueBtn'

2022-06-16 10:08:00 - [MESSAGE][WARNING] - Timeout '0' is invalid. Using default page load timeout: '40'

2022-06-16 10:08:00 - [MESSAGE][PASSED] - Tapped on element 'Object Repository/Login Onboarding/loginExistingContinueBtn'

2022-06-16 10:08:00 - [TEST_STEP][PASSED] - tap(findTestObject("Login Onboarding/PIN1"), 0): Tapped on element 'Object Repository/Login Onboarding/PIN1'

2022-06-16 10:08:00 - [MESSAGE][WARNING] - Timeout '0' is invalid. Using default page load timeout: '40'

2022-06-16 10:08:02 - [MESSAGE][PASSED] - Tapped on element 'Object Repository/Login Onboarding/PIN1'

2022-06-16 10:08:02 - [TEST_STEP][PASSED] - tap(findTestObject("zakat/zakatAmountTickBtn"), 0): Tapped on element 'Object Repository/zakat/zakatAmountTickBtn'

2022-06-16 10:08:02 - [MESSAGE][WARNING] - Timeout '0' is invalid. Using default page load timeout: '40'

2022-06-16 10:08:02 - [MESSAGE][PASSED] - Tapped on element 'Object Repository/zakat/zakatAmountTickBtn'

2022-06-16 10:08:02 - [TEST_STEP][PASSED] - delay(5): Delayed 5 second(s)

2022-06-16 10:08:07 - [MESSAGE][PASSED] - Delayed 5 second(s)

2022-06-16 10:08:07 - [TEST_STEP][PASSED] - verifyElementVisible(findTestObject("Main/mainPayNowBtn"), 0): Element 'Object Repository/Main/mainPayNowBtn' is visible

2022-06-16 10:08:07 - [MESSAGE][WARNING] - Timeout '0' is invalid. Using default page load timeout: '40'

2022-06-16 10:08:08 - [MESSAGE][PASSED] - Element 'Object Repository/Main/mainPayNowBtn' is visible

2022-06-16 10:08:08 - [TEST_STEP][PASSED] - tap(findTestObject("Main/mainPayNowBtn"), 0): Tapped on element 'Object Repository/Main/mainPayNowBtn'

2022-06-16 10:08:08 - [MESSAGE][WARNING] - Timeout '0' is invalid. Using default page load timeout: '40'

2022-06-16 10:08:08 - [MESSAGE][PASSED] - Tapped on element 'Object Repository/Main/mainPayNowBtn'

2022-06-16 10:08:08 - [TEST_STEP][PASSED] - delay(3): Delayed 3 second(s)

2022-06-16 10:08:11 - [MESSAGE][PASSED] - Delayed 3 second(s)

2022-06-16 10:08:11 - [TEST_STEP][PASSED] - if (verifyElementVisible(findTestObject("Festive Season/festiveReturnAngpaoTACNoTxt"), 0, OPTIONAL)): Element 'Object Repository/Festive Season/festiveReturnAngpaoTACNoTxt' not found

2022-06-16 10:08:11 - [MESSAGE][WARNING] - Timeout '0' is invalid. Using default page load timeout: '40'

2022-06-16 10:08:51 - [MESSAGE][WARNING] - Element 'Object Repository/Festive Season/festiveReturnAngpaoTACNoTxt' not found

2022-06-16 10:08:51 - [TEST_STEP][PASSED] - else: Tapped on element 'Object Repository/Main/mainS2UApproveBtn'

2022-06-16 10:08:51 - [TEST_STEP][PASSED] - delay(5): Delayed 5 second(s)

2022-06-16 10:08:56 - [MESSAGE][PASSED] - Delayed 5 second(s)

2022-06-16 10:08:56 - [TEST_STEP][PASSED] - verifyElementVisible(findTestObject("Main/mainS2UApproveBtn"), 10): Element 'Object Repository/Main/mainS2UApproveBtn' is visible

2022-06-16 10:08:56 - [MESSAGE][PASSED] - Element 'Object Repository/Main/mainS2UApproveBtn' is visible

2022-06-16 10:08:56 - [TEST_STEP][PASSED] - tap(findTestObject("Main/mainS2UApproveBtn"), 0): Tapped on element 'Object Repository/Main/mainS2UApproveBtn'

2022-06-16 10:08:56 - [MESSAGE][WARNING] - Timeout '0' is invalid. Using default page load timeout: '40'

2022-06-16 10:08:56 - [MESSAGE][PASSED] - Tapped on element 'Object Repository/Main/mainS2UApproveBtn'

2022-06-16 10:08:56 - [TEST_STEP][PASSED] - delay(3): Delayed 3 second(s)

2022-06-16 10:08:59 - [MESSAGE][PASSED] - Delayed 3 second(s)

2022-06-16 10:08:59 - [TEST_STEP][PASSED] - tap(findTestObject("Main/mainAddToFavBtn"), 0): Tapped on element 'Object Repository/Main/mainAddToFavBtn'

2022-06-16 10:09:00 - [MESSAGE][WARNING] - Timeout '0' is invalid. Using default page load timeout: '40'

2022-06-16 10:09:02 - [MESSAGE][PASSED] - Tapped on element 'Object Repository/Main/mainAddToFavBtn'

2022-06-16 10:09:02 - [TEST_STEP][PASSED] - delay(2): Delayed 2 second(s)

2022-06-16 10:09:04 - [MESSAGE][PASSED] - Delayed 2 second(s)

2022-06-16 10:09:04 - [TEST_STEP][PASSED] - tap(findTestObject("Main/mainAddToFavBtn"), 0): Tapped on element 'Object Repository/Main/mainAddToFavBtn'

2022-06-16 10:09:04 - [MESSAGE][WARNING] - Timeout '0' is invalid. Using default page load timeout: '40'

2022-06-16 10:09:04 - [MESSAGE][PASSED] - Tapped on element 'Object Repository/Main/mainAddToFavBtn'

2022-06-16 10:09:04 - [TEST_STEP][PASSED] - delay(2): Delayed 2 second(s)

2022-06-16 10:09:06 - [MESSAGE][PASSED] - Delayed 2 second(s)

2022-06-16 10:09:06 - [TEST_STEP][PASSED] - tap(findTestObject("Main/mainCloseFavPopUpBtn"), 0): Tapped on element 'Object Repository/Main/mainCloseFavPopUpBtn'

2022-06-16 10:09:06 - [MESSAGE][WARNING] - Timeout '0' is invalid. Using default page load timeout: '40'

2022-06-16 10:09:08 - [MESSAGE][PASSED] - Tapped on element 'Object Repository/Main/mainCloseFavPopUpBtn'

2022-06-16 10:09:08 - [TEST_STEP][PASSED] - delay(2): Delayed 2 second(s)

2022-06-16 10:09:10 - [MESSAGE][PASSED] - Delayed 2 second(s)

2022-06-16 10:09:10 - [TEST_STEP][PASSED] - takeScreenshot("/Users/a00139272/Desktop/Screenshot/zakatAddFav.png"): Screenshot is taken

2022-06-16 10:09:11 - [MESSAGE][PASSED] - Screenshot is taken
[[ATTACHMENT|/Users/a00139272/Desktop/Screenshot/zakatAddFav.png]]

2022-06-16 10:09:11 - [TEST_STEP][PASSED] - verifyElementVisible(findTestObject("Main/mainDoneBtn"), 0): Element 'Object Repository/Main/mainDoneBtn' is visible

2022-06-16 10:09:11 - [MESSAGE][WARNING] - Timeout '0' is invalid. Using default page load timeout: '40'

2022-06-16 10:09:11 - [MESSAGE][PASSED] - Element 'Object Repository/Main/mainDoneBtn' is visible

2022-06-16 10:09:11 - [TEST_STEP][PASSED] - tap(findTestObject("Main/mainDoneBtn"), 0): Tapped on element 'Object Repository/Main/mainDoneBtn'

2022-06-16 10:09:11 - [MESSAGE][WARNING] - Timeout '0' is invalid. Using default page load timeout: '40'

2022-06-16 10:09:11 - [MESSAGE][PASSED] - Tapped on element 'Object Repository/Main/mainDoneBtn'

2022-06-16 10:09:11 - [TEST_STEP][PASSED] - delay(5): Delayed 5 second(s)

2022-06-16 10:09:16 - [MESSAGE][PASSED] - Delayed 5 second(s)]]></system-out>
         <system-err><![CDATA[]]></system-err>
      </testcase>
      <testcase name="Test Cases/Zakat/zakat_zakatPaymentFavoriteTransaction" time="63.628" classname="Test Cases/Zakat/zakat_zakatPaymentFavoriteTransaction" status="PASSED">
         <system-out><![CDATA[2022-06-16 10:09:16 - [TEST_CASE][PASSED] - Test Cases/Zakat/zakat_zakatPaymentFavoriteTransaction: Test Cases/Zakat/zakat_zakatPaymentFavoriteTransaction

2022-06-16 10:09:16 - [TEST_STEP][PASSED] - device_Height = getDeviceHeight(): Current device physical height is 2167

2022-06-16 10:09:16 - [MESSAGE][PASSED] - Current device physical height is 2167

2022-06-16 10:09:16 - [TEST_STEP][PASSED] - device_Width = getDeviceWidth(): Current device physical width is 1080

2022-06-16 10:09:16 - [MESSAGE][PASSED] - Current device physical width is 1080

2022-06-16 10:09:16 - [TEST_STEP][PASSED] - startX = device_Width / 3: null

2022-06-16 10:09:16 - [TEST_STEP][PASSED] - startY = device_Height * 0.97: null

2022-06-16 10:09:16 - [TEST_STEP][PASSED] - tap(findTestObject("Banking/m2uAccountPayBillsIconSelect"), 0): Tapped on element 'Object Repository/Banking/m2uAccountPayBillsIconSelect'

2022-06-16 10:09:17 - [MESSAGE][WARNING] - Timeout '0' is invalid. Using default page load timeout: '40'

2022-06-16 10:09:17 - [MESSAGE][PASSED] - Tapped on element 'Object Repository/Banking/m2uAccountPayBillsIconSelect'

2022-06-16 10:09:17 - [TEST_STEP][PASSED] - tap(findTestObject("zakat/payBillZakatTopMenuSelect"), 40): Tapped on element 'Object Repository/zakat/payBillZakatTopMenuSelect'

2022-06-16 10:09:47 - [MESSAGE][PASSED] - Tapped on element 'Object Repository/zakat/payBillZakatTopMenuSelect'

2022-06-16 10:09:47 - [TEST_STEP][PASSED] - delay(5): Delayed 5 second(s)

2022-06-16 10:09:52 - [MESSAGE][PASSED] - Delayed 5 second(s)

2022-06-16 10:09:52 - [TEST_STEP][PASSED] - waitForElementPresent(findTestObject("Main/mainFavBodySelect"), 0): Element 'Object Repository/Main/mainFavBodySelect' is present

2022-06-16 10:09:52 - [MESSAGE][WARNING] - Timeout '0' is invalid. Using default page load timeout: '40'

2022-06-16 10:09:52 - [MESSAGE][PASSED] - Element 'Object Repository/Main/mainFavBodySelect' is present

2022-06-16 10:09:52 - [TEST_STEP][PASSED] - tap(findTestObject("Main/mainFavBodySelect"), 0): Tapped on element 'Object Repository/Main/mainFavBodySelect'

2022-06-16 10:09:52 - [MESSAGE][WARNING] - Timeout '0' is invalid. Using default page load timeout: '40'

2022-06-16 10:09:52 - [MESSAGE][PASSED] - Tapped on element 'Object Repository/Main/mainFavBodySelect'

2022-06-16 10:09:52 - [TEST_STEP][PASSED] - delay(5): Delayed 5 second(s)

2022-06-16 10:09:57 - [MESSAGE][PASSED] - Delayed 5 second(s)

2022-06-16 10:09:57 - [TEST_STEP][PASSED] - tap(findTestObject("zakat/zakatTypeDropdownSelectBox"), 0): Tapped on element 'Object Repository/zakat/zakatTypeDropdownSelectBox'

2022-06-16 10:09:57 - [MESSAGE][WARNING] - Timeout '0' is invalid. Using default page load timeout: '40'

2022-06-16 10:09:57 - [MESSAGE][PASSED] - Tapped on element 'Object Repository/zakat/zakatTypeDropdownSelectBox'

2022-06-16 10:09:57 - [TEST_STEP][PASSED] - tap(findTestObject("zakat/zakatTypeZakatEmasDropdownSelect"), 0): Tapped on element 'Object Repository/zakat/zakatTypeZakatEmasDropdownSelect'

2022-06-16 10:09:57 - [MESSAGE][WARNING] - Timeout '0' is invalid. Using default page load timeout: '40'

2022-06-16 10:09:58 - [MESSAGE][PASSED] - Tapped on element 'Object Repository/zakat/zakatTypeZakatEmasDropdownSelect'

2022-06-16 10:09:58 - [TEST_STEP][PASSED] - tap(findTestObject("Main/mainCalenderPickerDoneBtn"), 0): Tapped on element 'Object Repository/Main/mainCalenderPickerDoneBtn'

2022-06-16 10:09:58 - [MESSAGE][WARNING] - Timeout '0' is invalid. Using default page load timeout: '40'

2022-06-16 10:09:59 - [MESSAGE][PASSED] - Tapped on element 'Object Repository/Main/mainCalenderPickerDoneBtn'

2022-06-16 10:09:59 - [TEST_STEP][PASSED] - tap(findTestObject("Login Onboarding/loginExistingContinueBtn"), 0): Tapped on element 'Object Repository/Login Onboarding/loginExistingContinueBtn'

2022-06-16 10:09:59 - [MESSAGE][WARNING] - Timeout '0' is invalid. Using default page load timeout: '40'

2022-06-16 10:09:59 - [MESSAGE][PASSED] - Tapped on element 'Object Repository/Login Onboarding/loginExistingContinueBtn'

2022-06-16 10:09:59 - [TEST_STEP][PASSED] - tap(findTestObject("Login Onboarding/PIN1"), 0): Tapped on element 'Object Repository/Login Onboarding/PIN1'

2022-06-16 10:09:59 - [MESSAGE][WARNING] - Timeout '0' is invalid. Using default page load timeout: '40'

2022-06-16 10:10:02 - [MESSAGE][PASSED] - Tapped on element 'Object Repository/Login Onboarding/PIN1'

2022-06-16 10:10:02 - [TEST_STEP][PASSED] - tap(findTestObject("Login Onboarding/PIN0"), 0): Tapped on element 'Object Repository/Login Onboarding/PIN0'

2022-06-16 10:10:02 - [MESSAGE][WARNING] - Timeout '0' is invalid. Using default page load timeout: '40'

2022-06-16 10:10:02 - [MESSAGE][PASSED] - Tapped on element 'Object Repository/Login Onboarding/PIN0'

2022-06-16 10:10:02 - [TEST_STEP][PASSED] - tap(findTestObject("JomPay/jomPayAmountTickBtn"), 0): Tapped on element 'Object Repository/JomPay/jomPayAmountTickBtn'

2022-06-16 10:10:02 - [MESSAGE][WARNING] - Timeout '0' is invalid. Using default page load timeout: '40'

2022-06-16 10:10:02 - [MESSAGE][PASSED] - Tapped on element 'Object Repository/JomPay/jomPayAmountTickBtn'

2022-06-16 10:10:02 - [TEST_STEP][PASSED] - delay(5): Delayed 5 second(s)

2022-06-16 10:10:07 - [MESSAGE][PASSED] - Delayed 5 second(s)

2022-06-16 10:10:07 - [TEST_STEP][PASSED] - verifyElementVisible(findTestObject("Main/mainPayNowBtn"), 0): Element 'Object Repository/Main/mainPayNowBtn' is visible

2022-06-16 10:10:07 - [MESSAGE][WARNING] - Timeout '0' is invalid. Using default page load timeout: '40'

2022-06-16 10:10:08 - [MESSAGE][PASSED] - Element 'Object Repository/Main/mainPayNowBtn' is visible

2022-06-16 10:10:08 - [TEST_STEP][PASSED] - tap(findTestObject("Main/mainPayNowBtn"), 0): Tapped on element 'Object Repository/Main/mainPayNowBtn'

2022-06-16 10:10:08 - [MESSAGE][WARNING] - Timeout '0' is invalid. Using default page load timeout: '40'

2022-06-16 10:10:09 - [MESSAGE][PASSED] - Tapped on element 'Object Repository/Main/mainPayNowBtn'

2022-06-16 10:10:09 - [TEST_STEP][PASSED] - delay(5): Delayed 5 second(s)

2022-06-16 10:10:14 - [MESSAGE][PASSED] - Delayed 5 second(s)

2022-06-16 10:10:14 - [TEST_STEP][PASSED] - takeScreenshot("/Users/a00139272/Desktop/Screenshot/zakatFav.png"): Screenshot is taken

2022-06-16 10:10:14 - [MESSAGE][PASSED] - Screenshot is taken
[[ATTACHMENT|/Users/a00139272/Desktop/Screenshot/zakatFav.png]]

2022-06-16 10:10:14 - [TEST_STEP][PASSED] - verifyElementVisible(findTestObject("Main/mainDoneBtn"), 0): Element 'Object Repository/Main/mainDoneBtn' is visible

2022-06-16 10:10:14 - [MESSAGE][WARNING] - Timeout '0' is invalid. Using default page load timeout: '40'

2022-06-16 10:10:15 - [MESSAGE][PASSED] - Element 'Object Repository/Main/mainDoneBtn' is visible

2022-06-16 10:10:15 - [TEST_STEP][PASSED] - tap(findTestObject("Main/mainDoneBtn"), 0): Tapped on element 'Object Repository/Main/mainDoneBtn'

2022-06-16 10:10:15 - [MESSAGE][WARNING] - Timeout '0' is invalid. Using default page load timeout: '40'

2022-06-16 10:10:15 - [MESSAGE][PASSED] - Tapped on element 'Object Repository/Main/mainDoneBtn'

2022-06-16 10:10:15 - [TEST_STEP][PASSED] - delay(5): Delayed 5 second(s)

2022-06-16 10:10:20 - [MESSAGE][PASSED] - Delayed 5 second(s)]]></system-out>
         <system-err><![CDATA[]]></system-err>
      </testcase>
      <system-out><![CDATA[2022-06-16 09:44:22 - [TEST_SUITE][FAILED] - Regress 1: Test Cases/PayBill/payBills_todayTransaction FAILED.
Reason:
com.kms.katalon.core.exception.StepFailedException: Object Object Repository/Banking/m2uAccountTypeSelection not found
	at com.kms.katalon.core.keyword.internal.KeywordMain.stepFailed(KeywordMain.groovy:39)
	at com.kms.katalon.core.mobile.keyword.internal.MobileKeywordMain.stepFailed(MobileKeywordMain.groovy:40)
	at com.kms.katalon.core.mobile.keyword.builtin.TapKeyword$_tap_closure1.doCall(TapKeyword.groovy:79)
	at com.kms.katalon.core.mobile.keyword.builtin.TapKeyword$_tap_closure1.call(TapKeyword.groovy)
	at com.kms.katalon.core.mobile.keyword.internal.MobileKeywordMain.runKeyword(MobileKeywordMain.groovy:21)
	at com.kms.katalon.core.mobile.keyword.builtin.TapKeyword.tap(TapKeyword.groovy:84)
	at com.kms.katalon.core.mobile.keyword.builtin.TapKeyword.execute(TapKeyword.groovy:68)
	at com.kms.katalon.core.keyword.internal.KeywordExecutor.executeKeywordForPlatform(KeywordExecutor.groovy:74)
	at com.kms.katalon.core.mobile.keyword.MobileBuiltInKeywords.tap(MobileBuiltInKeywords.groovy:1490)
	at com.kms.katalon.core.mobile.keyword.MobileBuiltInKeywords$tap$2.call(Unknown Source)
	at payBills_todayTransaction.run(payBills_todayTransaction:52)
	at com.kms.katalon.core.main.ScriptEngine.run(ScriptEngine.java:194)
	at com.kms.katalon.core.main.ScriptEngine.runScriptAsRawText(ScriptEngine.java:119)
	at com.kms.katalon.core.main.TestCaseExecutor.runScript(TestCaseExecutor.java:445)
	at com.kms.katalon.core.main.TestCaseExecutor.doExecute(TestCaseExecutor.java:436)
	at com.kms.katalon.core.main.TestCaseExecutor.processExecutionPhase(TestCaseExecutor.java:415)
	at com.kms.katalon.core.main.TestCaseExecutor.accessMainPhase(TestCaseExecutor.java:407)
	at com.kms.katalon.core.main.TestCaseExecutor.execute(TestCaseExecutor.java:284)
	at com.kms.katalon.core.common.CommonExecutor.accessTestCaseMainPhase(CommonExecutor.java:65)
	at com.kms.katalon.core.main.TestSuiteExecutor.accessTestSuiteMainPhase(TestSuiteExecutor.java:144)
	at com.kms.katalon.core.main.TestSuiteExecutor.execute(TestSuiteExecutor.java:106)
	at com.kms.katalon.core.main.TestCaseMain.startTestSuite(TestCaseMain.java:185)
	at com.kms.katalon.core.main.TestCaseMain$startTestSuite$0.call(Unknown Source)
	at TempTestSuite1655343854176.run(TempTestSuite1655343854176.groovy:36)]]></system-out>
      <system-err><![CDATA[2022-06-16 09:44:22 - [TEST_SUITE][FAILED] - Regress 1: Test Cases/PayBill/payBills_todayTransaction FAILED.
Reason:
com.kms.katalon.core.exception.StepFailedException: Object Object Repository/Banking/m2uAccountTypeSelection not found
	at com.kms.katalon.core.keyword.internal.KeywordMain.stepFailed(KeywordMain.groovy:39)
	at com.kms.katalon.core.mobile.keyword.internal.MobileKeywordMain.stepFailed(MobileKeywordMain.groovy:40)
	at com.kms.katalon.core.mobile.keyword.builtin.TapKeyword$_tap_closure1.doCall(TapKeyword.groovy:79)
	at com.kms.katalon.core.mobile.keyword.builtin.TapKeyword$_tap_closure1.call(TapKeyword.groovy)
	at com.kms.katalon.core.mobile.keyword.internal.MobileKeywordMain.runKeyword(MobileKeywordMain.groovy:21)
	at com.kms.katalon.core.mobile.keyword.builtin.TapKeyword.tap(TapKeyword.groovy:84)
	at com.kms.katalon.core.mobile.keyword.builtin.TapKeyword.execute(TapKeyword.groovy:68)
	at com.kms.katalon.core.keyword.internal.KeywordExecutor.executeKeywordForPlatform(KeywordExecutor.groovy:74)
	at com.kms.katalon.core.mobile.keyword.MobileBuiltInKeywords.tap(MobileBuiltInKeywords.groovy:1490)
	at com.kms.katalon.core.mobile.keyword.MobileBuiltInKeywords$tap$2.call(Unknown Source)
	at payBills_todayTransaction.run(payBills_todayTransaction:52)
	at com.kms.katalon.core.main.ScriptEngine.run(ScriptEngine.java:194)
	at com.kms.katalon.core.main.ScriptEngine.runScriptAsRawText(ScriptEngine.java:119)
	at com.kms.katalon.core.main.TestCaseExecutor.runScript(TestCaseExecutor.java:445)
	at com.kms.katalon.core.main.TestCaseExecutor.doExecute(TestCaseExecutor.java:436)
	at com.kms.katalon.core.main.TestCaseExecutor.processExecutionPhase(TestCaseExecutor.java:415)
	at com.kms.katalon.core.main.TestCaseExecutor.accessMainPhase(TestCaseExecutor.java:407)
	at com.kms.katalon.core.main.TestCaseExecutor.execute(TestCaseExecutor.java:284)
	at com.kms.katalon.core.common.CommonExecutor.accessTestCaseMainPhase(CommonExecutor.java:65)
	at com.kms.katalon.core.main.TestSuiteExecutor.accessTestSuiteMainPhase(TestSuiteExecutor.java:144)
	at com.kms.katalon.core.main.TestSuiteExecutor.execute(TestSuiteExecutor.java:106)
	at com.kms.katalon.core.main.TestCaseMain.startTestSuite(TestCaseMain.java:185)
	at com.kms.katalon.core.main.TestCaseMain$startTestSuite$0.call(Unknown Source)
	at TempTestSuite1655343854176.run(TempTestSuite1655343854176.groovy:36)]]></system-err>
   </testsuite>
</testsuites>
